<?xml version="1.0" encoding="UTF-8"?>
<coverage generated="1555680855858" clover="3.2.0">
  <project timestamp="1555680855858" name="All files">
    <metrics statements="381" coveredstatements="129" conditionals="98" coveredconditionals="25" methods="108" coveredmethods="29" elements="587" coveredelements="183" complexity="0" loc="381" ncloc="381" packages="5" files="12" classes="12">
      <package name="client">
        <metrics statements="33" coveredstatements="0" conditionals="6" coveredconditionals="0" methods="10" coveredmethods="0"/>
        <file name="app.jsx" path="C:\Users\Marcus\Desktop\cantina-app\src\client\app.jsx">
          <metrics statements="33" coveredstatements="0" conditionals="6" coveredconditionals="0" methods="10" coveredmethods="0"/>
          <line num="1" count="0" type="stmt"/>
          <line num="2" count="0" type="stmt"/>
          <line num="3" count="0" type="stmt"/>
          <line num="4" count="0" type="stmt"/>
          <line num="5" count="0" type="stmt"/>
          <line num="6" count="0" type="stmt"/>
          <line num="7" count="0" type="stmt"/>
          <line num="8" count="0" type="stmt"/>
          <line num="9" count="0" type="stmt"/>
          <line num="13" count="0" type="stmt"/>
          <line num="14" count="0" type="stmt"/>
          <line num="16" count="0" type="stmt"/>
          <line num="22" count="0" type="stmt"/>
          <line num="29" count="0" type="stmt"/>
          <line num="33" count="0" type="stmt"/>
          <line num="34" count="0" type="stmt"/>
          <line num="38" count="0" type="stmt"/>
          <line num="39" count="0" type="stmt"/>
          <line num="42" count="0" type="cond" truecount="0" falsecount="2"/>
          <line num="44" count="0" type="stmt"/>
          <line num="45" count="0" type="stmt"/>
          <line num="48" count="0" type="cond" truecount="0" falsecount="2"/>
          <line num="51" count="0" type="stmt"/>
          <line num="52" count="0" type="stmt"/>
          <line num="57" count="0" type="stmt"/>
          <line num="62" count="0" type="stmt"/>
          <line num="74" count="0" type="cond" truecount="0" falsecount="2"/>
          <line num="75" count="0" type="stmt"/>
          <line num="80" count="0" type="stmt"/>
          <line num="87" count="0" type="stmt"/>
          <line num="90" count="0" type="stmt"/>
          <line num="92" count="0" type="stmt"/>
          <line num="104" count="0" type="stmt"/>
        </file>
      </package>
      <package name="client.views">
        <metrics statements="201" coveredstatements="0" conditionals="56" coveredconditionals="0" methods="65" coveredmethods="0"/>
        <file name="add-menu-item.jsx" path="C:\Users\Marcus\Desktop\cantina-app\src\client\views\add-menu-item.jsx">
          <metrics statements="29" coveredstatements="0" conditionals="8" coveredconditionals="0" methods="13" coveredmethods="0"/>
          <line num="1" count="0" type="stmt"/>
          <line num="4" count="0" type="stmt"/>
          <line num="5" count="0" type="stmt"/>
          <line num="7" count="0" type="stmt"/>
          <line num="16" count="0" type="stmt"/>
          <line num="22" count="0" type="stmt"/>
          <line num="28" count="0" type="stmt"/>
          <line num="34" count="0" type="stmt"/>
          <line num="40" count="0" type="stmt"/>
          <line num="44" count="0" type="stmt"/>
          <line num="45" count="0" type="stmt"/>
          <line num="47" count="0" type="cond" truecount="0" falsecount="6"/>
          <line num="48" count="0" type="stmt"/>
          <line num="49" count="0" type="stmt"/>
          <line num="52" count="0" type="stmt"/>
          <line num="53" count="0" type="stmt"/>
          <line num="56" count="0" type="stmt"/>
          <line num="57" count="0" type="stmt"/>
          <line num="65" count="0" type="stmt"/>
          <line num="66" count="0" type="stmt"/>
          <line num="69" count="0" type="cond" truecount="0" falsecount="2"/>
          <line num="70" count="0" type="stmt"/>
          <line num="71" count="0" type="stmt"/>
          <line num="76" count="0" type="stmt"/>
          <line num="82" count="0" type="stmt"/>
          <line num="88" count="0" type="stmt"/>
          <line num="96" count="0" type="stmt"/>
          <line num="100" count="0" type="stmt"/>
          <line num="102" count="0" type="stmt"/>
        </file>
        <file name="chat.jsx" path="C:\Users\Marcus\Desktop\cantina-app\src\client\views\chat.jsx">
          <metrics statements="26" coveredstatements="0" conditionals="6" coveredconditionals="0" methods="11" coveredmethods="0"/>
          <line num="1" count="0" type="stmt"/>
          <line num="2" count="0" type="stmt"/>
          <line num="6" count="0" type="stmt"/>
          <line num="7" count="0" type="stmt"/>
          <line num="9" count="0" type="stmt"/>
          <line num="19" count="0" type="stmt"/>
          <line num="21" count="0" type="stmt"/>
          <line num="22" count="0" type="stmt"/>
          <line num="24" count="0" type="cond" truecount="0" falsecount="2"/>
          <line num="26" count="0" type="stmt"/>
          <line num="28" count="0" type="cond" truecount="0" falsecount="2"/>
          <line num="29" count="0" type="stmt"/>
          <line num="31" count="0" type="stmt"/>
          <line num="40" count="0" type="stmt"/>
          <line num="41" count="0" type="stmt"/>
          <line num="43" count="0" type="stmt"/>
          <line num="45" count="0" type="stmt"/>
          <line num="51" count="0" type="stmt"/>
          <line num="57" count="0" type="stmt"/>
          <line num="64" count="0" type="stmt"/>
          <line num="66" count="0" type="cond" truecount="0" falsecount="2"/>
          <line num="67" count="0" type="stmt"/>
          <line num="69" count="0" type="stmt"/>
          <line num="74" count="0" type="stmt"/>
          <line num="90" count="0" type="stmt"/>
          <line num="91" count="0" type="stmt"/>
        </file>
        <file name="edit-menu-item.jsx" path="C:\Users\Marcus\Desktop\cantina-app\src\client\views\edit-menu-item.jsx">
          <metrics statements="43" coveredstatements="0" conditionals="14" coveredconditionals="0" methods="15" coveredmethods="0"/>
          <line num="1" count="0" type="stmt"/>
          <line num="4" count="0" type="stmt"/>
          <line num="5" count="0" type="stmt"/>
          <line num="7" count="0" type="stmt"/>
          <line num="18" count="0" type="stmt"/>
          <line num="22" count="0" type="stmt"/>
          <line num="28" count="0" type="stmt"/>
          <line num="34" count="0" type="stmt"/>
          <line num="40" count="0" type="stmt"/>
          <line num="46" count="0" type="stmt"/>
          <line num="50" count="0" type="stmt"/>
          <line num="54" count="0" type="stmt"/>
          <line num="55" count="0" type="stmt"/>
          <line num="56" count="0" type="stmt"/>
          <line num="58" count="0" type="stmt"/>
          <line num="60" count="0" type="cond" truecount="0" falsecount="2"/>
          <line num="61" count="0" type="stmt"/>
          <line num="66" count="0" type="stmt"/>
          <line num="75" count="0" type="stmt"/>
          <line num="76" count="0" type="stmt"/>
          <line num="77" count="0" type="stmt"/>
          <line num="79" count="0" type="cond" truecount="0" falsecount="6"/>
          <line num="80" count="0" type="stmt"/>
          <line num="81" count="0" type="stmt"/>
          <line num="84" count="0" type="stmt"/>
          <line num="85" count="0" type="stmt"/>
          <line num="88" count="0" type="stmt"/>
          <line num="89" count="0" type="stmt"/>
          <line num="97" count="0" type="stmt"/>
          <line num="98" count="0" type="stmt"/>
          <line num="100" count="0" type="cond" truecount="0" falsecount="2"/>
          <line num="101" count="0" type="stmt"/>
          <line num="102" count="0" type="stmt"/>
          <line num="109" count="0" type="cond" truecount="0" falsecount="2"/>
          <line num="110" count="0" type="stmt"/>
          <line num="117" count="0" type="cond" truecount="0" falsecount="2"/>
          <line num="118" count="0" type="stmt"/>
          <line num="121" count="0" type="stmt"/>
          <line num="124" count="0" type="stmt"/>
          <line num="131" count="0" type="stmt"/>
          <line num="139" count="0" type="stmt"/>
          <line num="148" count="0" type="stmt"/>
          <line num="151" count="0" type="stmt"/>
        </file>
        <file name="home.jsx" path="C:\Users\Marcus\Desktop\cantina-app\src\client\views\home.jsx">
          <metrics statements="52" coveredstatements="0" conditionals="16" coveredconditionals="0" methods="12" coveredmethods="0"/>
          <line num="1" count="0" type="stmt"/>
          <line num="2" count="0" type="stmt"/>
          <line num="5" count="0" type="stmt"/>
          <line num="6" count="0" type="stmt"/>
          <line num="8" count="0" type="stmt"/>
          <line num="15" count="0" type="stmt"/>
          <line num="21" count="0" type="stmt"/>
          <line num="26" count="0" type="stmt"/>
          <line num="27" count="0" type="stmt"/>
          <line num="28" count="0" type="stmt"/>
          <line num="30" count="0" type="stmt"/>
          <line num="34" count="0" type="stmt"/>
          <line num="37" count="0" type="cond" truecount="0" falsecount="2"/>
          <line num="38" count="0" type="stmt"/>
          <line num="43" count="0" type="stmt"/>
          <line num="51" count="0" type="stmt"/>
          <line num="52" count="0" type="stmt"/>
          <line num="56" count="0" type="stmt"/>
          <line num="57" count="0" type="stmt"/>
          <line num="59" count="0" type="stmt"/>
          <line num="60" count="0" type="stmt"/>
          <line num="63" count="0" type="cond" truecount="0" falsecount="2"/>
          <line num="64" count="0" type="stmt"/>
          <line num="65" count="0" type="stmt"/>
          <line num="68" count="0" type="stmt"/>
          <line num="70" count="0" type="stmt"/>
          <line num="74" count="0" type="stmt"/>
          <line num="78" count="0" type="stmt"/>
          <line num="79" count="0" type="stmt"/>
          <line num="81" count="0" type="stmt"/>
          <line num="82" count="0" type="stmt"/>
          <line num="85" count="0" type="cond" truecount="0" falsecount="2"/>
          <line num="86" count="0" type="stmt"/>
          <line num="87" count="0" type="stmt"/>
          <line num="90" count="0" type="stmt"/>
          <line num="91" count="0" type="stmt"/>
          <line num="95" count="0" type="stmt"/>
          <line num="110" count="0" type="stmt"/>
          <line num="128" count="0" type="stmt"/>
          <line num="129" count="0" type="cond" truecount="0" falsecount="2"/>
          <line num="130" count="0" type="stmt"/>
          <line num="131" count="0" type="cond" truecount="0" falsecount="4"/>
          <line num="132" count="0" type="stmt"/>
          <line num="141" count="0" type="stmt"/>
          <line num="142" count="0" type="stmt"/>
          <line num="148" count="0" type="stmt"/>
          <line num="156" count="0" type="stmt"/>
          <line num="164" count="0" type="stmt"/>
          <line num="176" count="0" type="cond" truecount="0" falsecount="2"/>
          <line num="177" count="0" type="stmt"/>
          <line num="179" count="0" type="stmt"/>
          <line num="182" count="0" type="stmt"/>
        </file>
        <file name="login.jsx" path="C:\Users\Marcus\Desktop\cantina-app\src\client\views\login.jsx">
          <metrics statements="27" coveredstatements="0" conditionals="6" coveredconditionals="0" methods="7" coveredmethods="0"/>
          <line num="1" count="0" type="stmt"/>
          <line num="2" count="0" type="stmt"/>
          <line num="5" count="0" type="stmt"/>
          <line num="6" count="0" type="stmt"/>
          <line num="7" count="0" type="stmt"/>
          <line num="15" count="0" type="stmt"/>
          <line num="24" count="0" type="stmt"/>
          <line num="32" count="0" type="stmt"/>
          <line num="42" count="0" type="stmt"/>
          <line num="48" count="0" type="stmt"/>
          <line num="54" count="0" type="stmt"/>
          <line num="56" count="0" type="stmt"/>
          <line num="58" count="0" type="stmt"/>
          <line num="62" count="0" type="stmt"/>
          <line num="63" count="0" type="stmt"/>
          <line num="71" count="0" type="stmt"/>
          <line num="72" count="0" type="stmt"/>
          <line num="76" count="0" type="cond" truecount="0" falsecount="2"/>
          <line num="77" count="0" type="stmt"/>
          <line num="78" count="0" type="stmt"/>
          <line num="81" count="0" type="cond" truecount="0" falsecount="2"/>
          <line num="82" count="0" type="stmt"/>
          <line num="83" count="0" type="stmt"/>
          <line num="86" count="0" type="stmt"/>
          <line num="88" count="0" type="cond" truecount="0" falsecount="2"/>
          <line num="89" count="0" type="stmt"/>
          <line num="90" count="0" type="stmt"/>
        </file>
        <file name="signup.jsx" path="C:\Users\Marcus\Desktop\cantina-app\src\client\views\signup.jsx">
          <metrics statements="24" coveredstatements="0" conditionals="6" coveredconditionals="0" methods="7" coveredmethods="0"/>
          <line num="1" count="0" type="stmt"/>
          <line num="2" count="0" type="stmt"/>
          <line num="6" count="0" type="stmt"/>
          <line num="7" count="0" type="stmt"/>
          <line num="8" count="0" type="stmt"/>
          <line num="16" count="0" type="stmt"/>
          <line num="24" count="0" type="stmt"/>
          <line num="31" count="0" type="stmt"/>
          <line num="40" count="0" type="stmt"/>
          <line num="46" count="0" type="stmt"/>
          <line num="52" count="0" type="stmt"/>
          <line num="54" count="0" type="stmt"/>
          <line num="56" count="0" type="stmt"/>
          <line num="60" count="0" type="stmt"/>
          <line num="61" count="0" type="stmt"/>
          <line num="69" count="0" type="stmt"/>
          <line num="72" count="0" type="cond" truecount="0" falsecount="2"/>
          <line num="73" count="0" type="stmt"/>
          <line num="76" count="0" type="cond" truecount="0" falsecount="2"/>
          <line num="77" count="0" type="stmt"/>
          <line num="80" count="0" type="stmt"/>
          <line num="81" count="0" type="cond" truecount="0" falsecount="2"/>
          <line num="82" count="0" type="stmt"/>
          <line num="83" count="0" type="stmt"/>
        </file>
      </package>
      <package name="server">
        <metrics statements="91" coveredstatements="73" conditionals="22" coveredconditionals="12" methods="16" coveredmethods="12"/>
        <file name="app.js" path="C:\Users\Marcus\Desktop\cantina-app\src\server\app.js">
          <metrics statements="87" coveredstatements="73" conditionals="20" coveredconditionals="12" methods="15" coveredmethods="12"/>
          <line num="1" count="3" type="stmt"/>
          <line num="2" count="3" type="stmt"/>
          <line num="3" count="3" type="stmt"/>
          <line num="4" count="3" type="stmt"/>
          <line num="5" count="3" type="stmt"/>
          <line num="6" count="3" type="stmt"/>
          <line num="7" count="3" type="stmt"/>
          <line num="8" count="3" type="stmt"/>
          <line num="9" count="3" type="stmt"/>
          <line num="10" count="3" type="stmt"/>
          <line num="11" count="3" type="stmt"/>
          <line num="12" count="3" type="stmt"/>
          <line num="15" count="3" type="stmt"/>
          <line num="17" count="3" type="stmt"/>
          <line num="23" count="3" type="stmt"/>
          <line num="25" count="3" type="stmt"/>
          <line num="32" count="10" type="stmt"/>
          <line num="34" count="10" type="cond" truecount="2" falsecount="0"/>
          <line num="35" count="2" type="stmt"/>
          <line num="38" count="8" type="stmt"/>
          <line num="39" count="8" type="stmt"/>
          <line num="43" count="3" type="stmt"/>
          <line num="44" count="8" type="stmt"/>
          <line num="47" count="3" type="stmt"/>
          <line num="49" count="4" type="stmt"/>
          <line num="51" count="4" type="cond" truecount="1" falsecount="1"/>
          <line num="52" count="4" type="stmt"/>
          <line num="54" count="0" type="stmt"/>
          <line num="58" count="3" type="stmt"/>
          <line num="59" count="3" type="stmt"/>
          <line num="60" count="3" type="stmt"/>
          <line num="63" count="3" type="stmt"/>
          <line num="64" count="3" type="stmt"/>
          <line num="65" count="3" type="stmt"/>
          <line num="67" count="3" type="stmt"/>
          <line num="68" count="2" type="stmt"/>
          <line num="69" count="2" type="stmt"/>
          <line num="70" count="2" type="stmt"/>
          <line num="71" count="3" type="cond" truecount="1" falsecount="1"/>
          <line num="72" count="3" type="stmt"/>
          <line num="75" count="2" type="stmt"/>
          <line num="77" count="2" type="stmt"/>
          <line num="78" count="0" type="stmt"/>
          <line num="79" count="0" type="stmt"/>
          <line num="80" count="0" type="stmt"/>
          <line num="82" count="0" type="stmt"/>
          <line num="84" count="0" type="stmt"/>
          <line num="85" count="0" type="cond" truecount="0" falsecount="2"/>
          <line num="86" count="0" type="stmt"/>
          <line num="91" count="2" type="stmt"/>
          <line num="92" count="1" type="stmt"/>
          <line num="93" count="1" type="stmt"/>
          <line num="94" count="1" type="cond" truecount="1" falsecount="1"/>
          <line num="95" count="1" type="stmt"/>
          <line num="102" count="3" type="stmt"/>
          <line num="103" count="5" type="stmt"/>
          <line num="106" count="3" type="stmt"/>
          <line num="107" count="5" type="stmt"/>
          <line num="109" count="5" type="cond" truecount="4" falsecount="0"/>
          <line num="110" count="1" type="stmt"/>
          <line num="111" count="1" type="stmt"/>
          <line num="113" count="4" type="stmt"/>
          <line num="117" count="3" type="stmt"/>
          <line num="118" count="3" type="stmt"/>
          <line num="119" count="3" type="cond" truecount="1" falsecount="1"/>
          <line num="120" count="3" type="stmt"/>
          <line num="122" count="0" type="stmt"/>
          <line num="124" count="3" type="stmt"/>
          <line num="127" count="3" type="stmt"/>
          <line num="128" count="2" type="stmt"/>
          <line num="130" count="2" type="stmt"/>
          <line num="132" count="2" type="stmt"/>
          <line num="133" count="2" type="stmt"/>
          <line num="134" count="2" type="stmt"/>
          <line num="137" count="3" type="stmt"/>
          <line num="138" count="1" type="cond" truecount="1" falsecount="1"/>
          <line num="139" count="0" type="stmt"/>
          <line num="140" count="0" type="stmt"/>
          <line num="141" count="0" type="stmt"/>
          <line num="144" count="1" type="stmt"/>
          <line num="146" count="1" type="cond" truecount="1" falsecount="1"/>
          <line num="147" count="1" type="stmt"/>
          <line num="149" count="0" type="stmt"/>
          <line num="151" count="1" type="stmt"/>
          <line num="154" count="3" type="stmt"/>
          <line num="155" count="0" type="stmt"/>
          <line num="160" count="3" type="stmt"/>
        </file>
        <file name="server.js" path="C:\Users\Marcus\Desktop\cantina-app\src\server\server.js">
          <metrics statements="4" coveredstatements="0" conditionals="2" coveredconditionals="0" methods="1" coveredmethods="0"/>
          <line num="1" count="0" type="stmt"/>
          <line num="3" count="0" type="cond" truecount="0" falsecount="2"/>
          <line num="5" count="0" type="stmt"/>
          <line num="6" count="0" type="stmt"/>
        </file>
      </package>
      <package name="server.db">
        <metrics statements="33" coveredstatements="33" conditionals="8" coveredconditionals="8" methods="11" coveredmethods="11"/>
        <file name="cafeteria-menu.js" path="C:\Users\Marcus\Desktop\cantina-app\src\server\db\cafeteria-menu.js">
          <metrics statements="22" coveredstatements="22" conditionals="4" coveredconditionals="4" methods="7" coveredmethods="7"/>
          <line num="3" count="3" type="stmt"/>
          <line num="54" count="5" type="stmt"/>
          <line num="59" count="5" type="stmt"/>
          <line num="60" count="5" type="stmt"/>
          <line num="61" count="13" type="cond" truecount="2" falsecount="0"/>
          <line num="63" count="5" type="stmt"/>
          <line num="67" count="2" type="stmt"/>
          <line num="75" count="2" type="stmt"/>
          <line num="76" count="2" type="stmt"/>
          <line num="80" count="3" type="stmt"/>
          <line num="81" count="3" type="stmt"/>
          <line num="83" count="3" type="stmt"/>
          <line num="84" count="6" type="stmt"/>
          <line num="85" count="6" type="cond" truecount="2" falsecount="0"/>
          <line num="86" count="4" type="stmt"/>
          <line num="87" count="4" type="stmt"/>
          <line num="88" count="4" type="stmt"/>
          <line num="92" count="3" type="stmt"/>
          <line num="93" count="3" type="stmt"/>
          <line num="99" count="1" type="stmt"/>
          <line num="107" count="1" type="stmt"/>
          <line num="111" count="3" type="stmt"/>
        </file>
        <file name="users.js" path="C:\Users\Marcus\Desktop\cantina-app\src\server\db\users.js">
          <metrics statements="11" coveredstatements="11" conditionals="4" coveredconditionals="4" methods="4" coveredmethods="4"/>
          <line num="1" count="3" type="stmt"/>
          <line num="4" count="29" type="stmt"/>
          <line num="8" count="10" type="stmt"/>
          <line num="10" count="10" type="cond" truecount="2" falsecount="0"/>
          <line num="14" count="7" type="cond" truecount="2" falsecount="0"/>
          <line num="15" count="1" type="stmt"/>
          <line num="18" count="6" type="stmt"/>
          <line num="23" count="6" type="stmt"/>
          <line num="24" count="6" type="stmt"/>
          <line num="28" count="7" type="stmt"/>
          <line num="31" count="3" type="stmt"/>
        </file>
      </package>
      <package name="server.routes">
        <metrics statements="23" coveredstatements="23" conditionals="6" coveredconditionals="5" methods="6" coveredmethods="6"/>
        <file name="auth-api.js" path="C:\Users\Marcus\Desktop\cantina-app\src\server\routes\auth-api.js">
          <metrics statements="23" coveredstatements="23" conditionals="6" coveredconditionals="5" methods="6" coveredmethods="6"/>
          <line num="1" count="3" type="stmt"/>
          <line num="2" count="3" type="stmt"/>
          <line num="3" count="3" type="stmt"/>
          <line num="4" count="3" type="stmt"/>
          <line num="6" count="3" type="stmt"/>
          <line num="8" count="2" type="stmt"/>
          <line num="11" count="3" type="stmt"/>
          <line num="13" count="7" type="stmt"/>
          <line num="15" count="7" type="cond" truecount="2" falsecount="0"/>
          <line num="16" count="1" type="stmt"/>
          <line num="17" count="1" type="stmt"/>
          <line num="19" count="6" type="stmt"/>
          <line num="20" count="6" type="stmt"/>
          <line num="21" count="6" type="cond" truecount="1" falsecount="1"/>
          <line num="26" count="3" type="stmt"/>
          <line num="28" count="1" type="stmt"/>
          <line num="29" count="1" type="stmt"/>
          <line num="32" count="3" type="stmt"/>
          <line num="34" count="6" type="cond" truecount="2" falsecount="0"/>
          <line num="35" count="3" type="stmt"/>
          <line num="36" count="3" type="stmt"/>
          <line num="39" count="3" type="stmt"/>
          <line num="46" count="3" type="stmt"/>
        </file>
      </package>
    </metrics>
  </project>
</coverage>
