{"C:\\Users\\Marcus\\Desktop\\cantina-app\\src\\client\\app.jsx": {"path":"C:\\Users\\Marcus\\Desktop\\cantina-app\\src\\client\\app.jsx","statementMap":{"0":{"start":{"line":1,"column":0},"end":{"line":null,"column":-1}},"1":{"start":{"line":2,"column":0},"end":{"line":null,"column":-1}},"2":{"start":{"line":3,"column":0},"end":{"line":null,"column":-1}},"3":{"start":{"line":4,"column":0},"end":{"line":null,"column":-1}},"4":{"start":{"line":5,"column":0},"end":{"line":null,"column":-1}},"5":{"start":{"line":6,"column":0},"end":{"line":null,"column":-1}},"6":{"start":{"line":7,"column":0},"end":{"line":null,"column":-1}},"7":{"start":{"line":8,"column":0},"end":{"line":null,"column":-1}},"8":{"start":{"line":9,"column":0},"end":{"line":null,"column":-1}},"9":{"start":{"line":14,"column":8},"end":{"line":null,"column":-1}},"10":{"start":{"line":13,"column":23},"end":{"line":null,"column":-1}},"11":{"start":{"line":29,"column":20},"end":{"line":29,"column":8}},"12":{"start":{"line":33,"column":8},"end":{"line":40,"column":9}},"13":{"start":{"line":34,"column":12},"end":{"line":null,"column":-1}},"14":{"start":{"line":38,"column":12},"end":{"line":null,"column":-1}},"15":{"start":{"line":39,"column":12},"end":{"line":null,"column":-1}},"16":{"start":{"line":42,"column":8},"end":{"line":46,"column":9}},"17":{"start":{"line":44,"column":12},"end":{"line":null,"column":-1}},"18":{"start":{"line":45,"column":12},"end":{"line":null,"column":-1}},"19":{"start":{"line":48,"column":8},"end":{"line":53,"column":9}},"20":{"start":{"line":51,"column":28},"end":{"line":51,"column":12}},"21":{"start":{"line":52,"column":12},"end":{"line":null,"column":-1}},"22":{"start":{"line":57,"column":8},"end":{"line":null,"column":-1}},"23":{"start":{"line":16,"column":8},"end":{"line":null,"column":-1}},"24":{"start":{"line":22,"column":8},"end":{"line":null,"column":-1}},"25":{"start":{"line":62,"column":8},"end":{"line":null,"column":-1}},"26":{"start":{"line":74,"column":19},"end":{"line":74,"column":8}},"27":{"start":{"line":75,"column":8},"end":{"line":null,"column":-1}},"28":{"start":{"line":80,"column":48},"end":{"line":79,"column":24}},"29":{"start":{"line":87,"column":48},"end":{"line":86,"column":24}},"30":{"start":{"line":90,"column":48},"end":{"line":89,"column":24}},"31":{"start":{"line":92,"column":67},"end":{"line":92,"column":24}},"32":{"start":{"line":104,"column":0},"end":{"line":null,"column":-1}}},"fnMap":{"0":{"name":"(anonymous_2)","decl":{"start":{"line":13,"column":4},"end":{"line":13,"column":15}},"loc":{"start":{"line":13,"column":23},"end":{"line":19,"column":5}}},"1":{"name":"(anonymous_3)","decl":{"start":{"line":27,"column":29},"end":{"line":27,"column":40}},"loc":{"start":{"line":27,"column":41},"end":{"line":13,"column":23}}},"2":{"name":"(anonymous_4)","decl":{"start":{"line":56,"column":26},"end":{"line":56,"column":24}},"loc":{"start":{"line":56,"column":35},"end":{"line":13,"column":23}}},"3":{"name":"(anonymous_5)","decl":{"start":{"line":21,"column":4},"end":{"line":21,"column":23}},"loc":{"start":{"line":21,"column":24},"end":{"line":23,"column":5}}},"4":{"name":"(anonymous_6)","decl":{"start":{"line":61,"column":4},"end":{"line":61,"column":14}},"loc":{"start":{"line":61,"column":15},"end":{"line":70,"column":5}}},"5":{"name":"(anonymous_7)","decl":{"start":{"line":72,"column":4},"end":{"line":72,"column":13}},"loc":{"start":{"line":72,"column":14},"end":{"line":101,"column":5}}},"6":{"name":"(anonymous_8)","decl":{"start":{"line":80,"column":39},"end":{"line":80,"column":47}},"loc":{"start":{"line":80,"column":48},"end":{"line":79,"column":24}}},"7":{"name":"(anonymous_9)","decl":{"start":{"line":87,"column":39},"end":{"line":87,"column":47}},"loc":{"start":{"line":87,"column":48},"end":{"line":86,"column":24}}},"8":{"name":"(anonymous_10)","decl":{"start":{"line":90,"column":39},"end":{"line":90,"column":47}},"loc":{"start":{"line":90,"column":48},"end":{"line":89,"column":24}}},"9":{"name":"(anonymous_11)","decl":{"start":{"line":92,"column":58},"end":{"line":92,"column":66}},"loc":{"start":{"line":92,"column":67},"end":{"line":92,"column":24}}}},"branchMap":{"0":{"loc":{"start":{"line":42,"column":8},"end":{"line":46,"column":9}},"type":"if","locations":[{"start":{"line":42,"column":8},"end":{"line":46,"column":9}},{"start":{"line":42,"column":8},"end":{"line":46,"column":9}}]},"1":{"loc":{"start":{"line":48,"column":8},"end":{"line":53,"column":9}},"type":"if","locations":[{"start":{"line":48,"column":8},"end":{"line":53,"column":9}},{"start":{"line":48,"column":8},"end":{"line":53,"column":9}}]},"2":{"loc":{"start":{"line":74,"column":37},"end":{"line":74,"column":19}},"type":"cond-expr","locations":[{"start":{"line":74,"column":37},"end":{"line":74,"column":19}},{"start":{"line":74,"column":58},"end":{"line":74,"column":8}}]}},"s":{"0":0,"1":0,"2":0,"3":0,"4":0,"5":0,"6":0,"7":0,"8":0,"9":0,"10":0,"11":0,"12":0,"13":0,"14":0,"15":0,"16":0,"17":0,"18":0,"19":0,"20":0,"21":0,"22":0,"23":0,"24":0,"25":0,"26":0,"27":0,"28":0,"29":0,"30":0,"31":0,"32":0},"f":{"0":0,"1":0,"2":0,"3":0,"4":0,"5":0,"6":0,"7":0,"8":0,"9":0},"b":{"0":[0,0],"1":[0,0],"2":[0,0]}}
,"C:\\Users\\Marcus\\Desktop\\cantina-app\\src\\client\\views\\add-menu-item.jsx": {"path":"C:\\Users\\Marcus\\Desktop\\cantina-app\\src\\client\\views\\add-menu-item.jsx","statementMap":{"0":{"start":{"line":1,"column":0},"end":{"line":null,"column":-1}},"1":{"start":{"line":5,"column":8},"end":{"line":null,"column":-1}},"2":{"start":{"line":4,"column":23},"end":{"line":null,"column":-1}},"3":{"start":{"line":44,"column":30},"end":{"line":44,"column":8}},"4":{"start":{"line":45,"column":32},"end":{"line":45,"column":8}},"5":{"start":{"line":47,"column":8},"end":{"line":50,"column":9}},"6":{"start":{"line":48,"column":12},"end":{"line":null,"column":-1}},"7":{"start":{"line":49,"column":12},"end":{"line":null,"column":-1}},"8":{"start":{"line":52,"column":20},"end":{"line":52,"column":8}},"9":{"start":{"line":53,"column":24},"end":{"line":53,"column":8}},"10":{"start":{"line":56,"column":8},"end":{"line":67,"column":9}},"11":{"start":{"line":57,"column":12},"end":{"line":null,"column":-1}},"12":{"start":{"line":65,"column":12},"end":{"line":null,"column":-1}},"13":{"start":{"line":66,"column":12},"end":{"line":null,"column":-1}},"14":{"start":{"line":69,"column":8},"end":{"line":72,"column":9}},"15":{"start":{"line":70,"column":12},"end":{"line":null,"column":-1}},"16":{"start":{"line":71,"column":12},"end":{"line":null,"column":-1}},"17":{"start":{"line":7,"column":8},"end":{"line":null,"column":-1}},"18":{"start":{"line":16,"column":8},"end":{"line":null,"column":-1}},"19":{"start":{"line":22,"column":8},"end":{"line":null,"column":-1}},"20":{"start":{"line":28,"column":8},"end":{"line":null,"column":-1}},"21":{"start":{"line":34,"column":8},"end":{"line":null,"column":-1}},"22":{"start":{"line":40,"column":8},"end":{"line":null,"column":-1}},"23":{"start":{"line":76,"column":8},"end":{"line":null,"column":-1}},"24":{"start":{"line":82,"column":39},"end":{"line":79,"column":16}},"25":{"start":{"line":88,"column":39},"end":{"line":null,"column":-1}},"26":{"start":{"line":96,"column":39},"end":{"line":null,"column":-1}},"27":{"start":{"line":100,"column":105},"end":{"line":100,"column":16}},"28":{"start":{"line":102,"column":39},"end":{"line":102,"column":16}}},"fnMap":{"0":{"name":"(anonymous_1)","decl":{"start":{"line":4,"column":4},"end":{"line":4,"column":15}},"loc":{"start":{"line":4,"column":23},"end":{"line":13,"column":5}}},"1":{"name":"(anonymous_2)","decl":{"start":{"line":43,"column":14},"end":{"line":43,"column":20}},"loc":{"start":{"line":43,"column":65},"end":{"line":4,"column":23}}},"2":{"name":"(anonymous_3)","decl":{"start":{"line":15,"column":4},"end":{"line":15,"column":18}},"loc":{"start":{"line":15,"column":26},"end":{"line":19,"column":5}}},"3":{"name":"(anonymous_4)","decl":{"start":{"line":21,"column":4},"end":{"line":21,"column":19}},"loc":{"start":{"line":21,"column":27},"end":{"line":25,"column":5}}},"4":{"name":"(anonymous_5)","decl":{"start":{"line":27,"column":4},"end":{"line":27,"column":21}},"loc":{"start":{"line":27,"column":29},"end":{"line":31,"column":5}}},"5":{"name":"(anonymous_6)","decl":{"start":{"line":33,"column":4},"end":{"line":33,"column":19}},"loc":{"start":{"line":33,"column":27},"end":{"line":37,"column":5}}},"6":{"name":"(anonymous_7)","decl":{"start":{"line":39,"column":4},"end":{"line":39,"column":18}},"loc":{"start":{"line":39,"column":26},"end":{"line":41,"column":5}}},"7":{"name":"(anonymous_8)","decl":{"start":{"line":75,"column":4},"end":{"line":75,"column":12}},"loc":{"start":{"line":75,"column":13},"end":{"line":110,"column":5}}},"8":{"name":"(anonymous_9)","decl":{"start":{"line":82,"column":30},"end":{"line":82,"column":38}},"loc":{"start":{"line":82,"column":39},"end":{"line":79,"column":16}}},"9":{"name":"(anonymous_10)","decl":{"start":{"line":88,"column":30},"end":{"line":88,"column":38}},"loc":{"start":{"line":88,"column":39},"end":{"line":null,"column":-1}}},"10":{"name":"(anonymous_11)","decl":{"start":{"line":96,"column":30},"end":{"line":96,"column":38}},"loc":{"start":{"line":96,"column":39},"end":{"line":null,"column":-1}}},"11":{"name":"(anonymous_12)","decl":{"start":{"line":100,"column":96},"end":{"line":100,"column":104}},"loc":{"start":{"line":100,"column":105},"end":{"line":100,"column":16}}},"12":{"name":"(anonymous_13)","decl":{"start":{"line":102,"column":33},"end":{"line":102,"column":38}},"loc":{"start":{"line":102,"column":39},"end":{"line":102,"column":16}}}},"branchMap":{"0":{"loc":{"start":{"line":47,"column":8},"end":{"line":50,"column":9}},"type":"if","locations":[{"start":{"line":47,"column":8},"end":{"line":50,"column":9}},{"start":{"line":47,"column":8},"end":{"line":50,"column":9}}]},"1":{"loc":{"start":{"line":47,"column":11},"end":{"line":47,"column":10}},"type":"binary-expr","locations":[{"start":{"line":47,"column":11},"end":{"line":47,"column":10}},{"start":{"line":47,"column":36},"end":{"line":47,"column":11}},{"start":{"line":47,"column":64},"end":{"line":47,"column":11}},{"start":{"line":47,"column":90},"end":{"line":47,"column":8}}]},"2":{"loc":{"start":{"line":69,"column":8},"end":{"line":72,"column":9}},"type":"if","locations":[{"start":{"line":69,"column":8},"end":{"line":72,"column":9}},{"start":{"line":69,"column":8},"end":{"line":72,"column":9}}]}},"s":{"0":0,"1":0,"2":0,"3":0,"4":0,"5":0,"6":0,"7":0,"8":0,"9":0,"10":0,"11":0,"12":0,"13":0,"14":0,"15":0,"16":0,"17":0,"18":0,"19":0,"20":0,"21":0,"22":0,"23":0,"24":0,"25":0,"26":0,"27":0,"28":0},"f":{"0":0,"1":0,"2":0,"3":0,"4":0,"5":0,"6":0,"7":0,"8":0,"9":0,"10":0,"11":0,"12":0},"b":{"0":[0,0],"1":[0,0,0,0],"2":[0,0]}}
,"C:\\Users\\Marcus\\Desktop\\cantina-app\\src\\client\\views\\chat.jsx": {"path":"C:\\Users\\Marcus\\Desktop\\cantina-app\\src\\client\\views\\chat.jsx","statementMap":{"0":{"start":{"line":1,"column":0},"end":{"line":null,"column":-1}},"1":{"start":{"line":2,"column":0},"end":{"line":null,"column":-1}},"2":{"start":{"line":7,"column":8},"end":{"line":null,"column":-1}},"3":{"start":{"line":6,"column":23},"end":{"line":null,"column":-1}},"4":{"start":{"line":38,"column":8},"end":{"line":null,"column":-1}},"5":{"start":{"line":39,"column":24},"end":{"line":39,"column":8}},"6":{"start":{"line":41,"column":8},"end":{"line":null,"column":-1}},"7":{"start":{"line":43,"column":8},"end":{"line":null,"column":-1}},"8":{"start":{"line":49,"column":8},"end":{"line":null,"column":-1}},"9":{"start":{"line":9,"column":8},"end":{"line":null,"column":-1}},"10":{"start":{"line":19,"column":8},"end":{"line":null,"column":-1}},"11":{"start":{"line":21,"column":8},"end":{"line":null,"column":-1}},"12":{"start":{"line":22,"column":28},"end":{"line":22,"column":12}},"13":{"start":{"line":24,"column":12},"end":{"line":null,"column":-1}},"14":{"start":{"line":26,"column":20},"end":{"line":30,"column":21}},"15":{"start":{"line":27,"column":24},"end":{"line":null,"column":-1}},"16":{"start":{"line":29,"column":24},"end":{"line":null,"column":-1}},"17":{"start":{"line":55,"column":8},"end":{"line":null,"column":-1}},"18":{"start":{"line":62,"column":23},"end":{"line":62,"column":8}},"19":{"start":{"line":64,"column":8},"end":{"line":70,"column":9}},"20":{"start":{"line":65,"column":12},"end":{"line":null,"column":-1}},"21":{"start":{"line":67,"column":20},"end":{"line":66,"column":17}},"22":{"start":{"line":72,"column":8},"end":{"line":null,"column":-1}},"23":{"start":{"line":88,"column":39},"end":{"line":85,"column":16}},"24":{"start":{"line":89,"column":39},"end":{"line":89,"column":16}}},"fnMap":{"0":{"name":"(anonymous_1)","decl":{"start":{"line":6,"column":4},"end":{"line":6,"column":15}},"loc":{"start":{"line":6,"column":23},"end":{"line":14,"column":5}}},"1":{"name":"(anonymous_2)","decl":{"start":{"line":36,"column":14},"end":{"line":36,"column":19}},"loc":{"start":{"line":36,"column":20},"end":{"line":6,"column":23}}},"2":{"name":"(anonymous_3)","decl":{"start":{"line":48,"column":22},"end":{"line":48,"column":20}},"loc":{"start":{"line":48,"column":32},"end":{"line":6,"column":23}}},"3":{"name":"(anonymous_4)","decl":{"start":{"line":16,"column":4},"end":{"line":16,"column":23}},"loc":{"start":{"line":16,"column":24},"end":{"line":34,"column":5}}},"4":{"name":"(anonymous_5)","decl":{"start":{"line":21,"column":33},"end":{"line":21,"column":41}},"loc":{"start":{"line":21,"column":42},"end":{"line":21,"column":8}}},"5":{"name":"(anonymous_6)","decl":{"start":{"line":25,"column":16},"end":{"line":25,"column":23}},"loc":{"start":{"line":25,"column":24},"end":{"line":24,"column":12}}},"6":{"name":"(anonymous_7)","decl":{"start":{"line":54,"column":4},"end":{"line":54,"column":22}},"loc":{"start":{"line":54,"column":30},"end":{"line":58,"column":5}}},"7":{"name":"(anonymous_8)","decl":{"start":{"line":60,"column":4},"end":{"line":60,"column":12}},"loc":{"start":{"line":60,"column":13},"end":{"line":93,"column":5}}},"8":{"name":"(anonymous_9)","decl":{"start":{"line":66,"column":41},"end":{"line":67,"column":19}},"loc":{"start":{"line":67,"column":20},"end":{"line":66,"column":17}}},"9":{"name":"(anonymous_10)","decl":{"start":{"line":88,"column":30},"end":{"line":88,"column":38}},"loc":{"start":{"line":88,"column":39},"end":{"line":85,"column":16}}},"10":{"name":"(anonymous_11)","decl":{"start":{"line":89,"column":33},"end":{"line":89,"column":38}},"loc":{"start":{"line":89,"column":39},"end":{"line":89,"column":16}}}},"branchMap":{"0":{"loc":{"start":{"line":26,"column":20},"end":{"line":30,"column":21}},"type":"if","locations":[{"start":{"line":26,"column":20},"end":{"line":30,"column":21}},{"start":{"line":26,"column":20},"end":{"line":30,"column":21}}]},"1":{"loc":{"start":{"line":64,"column":8},"end":{"line":70,"column":9}},"type":"if","locations":[{"start":{"line":64,"column":8},"end":{"line":70,"column":9}},{"start":{"line":64,"column":8},"end":{"line":70,"column":9}}]}},"s":{"0":0,"1":0,"2":0,"3":0,"4":0,"5":0,"6":0,"7":0,"8":0,"9":0,"10":0,"11":0,"12":0,"13":0,"14":0,"15":0,"16":0,"17":0,"18":0,"19":0,"20":0,"21":0,"22":0,"23":0,"24":0},"f":{"0":0,"1":0,"2":0,"3":0,"4":0,"5":0,"6":0,"7":0,"8":0,"9":0,"10":0},"b":{"0":[0,0],"1":[0,0]}}
,"C:\\Users\\Marcus\\Desktop\\cantina-app\\src\\client\\views\\edit-menu-item.jsx": {"path":"C:\\Users\\Marcus\\Desktop\\cantina-app\\src\\client\\views\\edit-menu-item.jsx","statementMap":{"0":{"start":{"line":1,"column":0},"end":{"line":null,"column":-1}},"1":{"start":{"line":5,"column":8},"end":{"line":null,"column":-1}},"2":{"start":{"line":4,"column":23},"end":{"line":null,"column":-1}},"3":{"start":{"line":18,"column":8},"end":{"line":null,"column":-1}},"4":{"start":{"line":50,"column":20},"end":{"line":50,"column":8}},"5":{"start":{"line":54,"column":8},"end":{"line":59,"column":9}},"6":{"start":{"line":55,"column":12},"end":{"line":null,"column":-1}},"7":{"start":{"line":56,"column":12},"end":{"line":null,"column":-1}},"8":{"start":{"line":58,"column":12},"end":{"line":null,"column":-1}},"9":{"start":{"line":60,"column":8},"end":{"line":70,"column":9}},"10":{"start":{"line":61,"column":12},"end":{"line":null,"column":-1}},"11":{"start":{"line":66,"column":12},"end":{"line":null,"column":-1}},"12":{"start":{"line":75,"column":30},"end":{"line":75,"column":8}},"13":{"start":{"line":76,"column":32},"end":{"line":76,"column":8}},"14":{"start":{"line":77,"column":19},"end":{"line":77,"column":8}},"15":{"start":{"line":79,"column":8},"end":{"line":82,"column":9}},"16":{"start":{"line":80,"column":12},"end":{"line":null,"column":-1}},"17":{"start":{"line":81,"column":12},"end":{"line":null,"column":-1}},"18":{"start":{"line":84,"column":20},"end":{"line":84,"column":8}},"19":{"start":{"line":85,"column":24},"end":{"line":85,"column":8}},"20":{"start":{"line":88,"column":8},"end":{"line":99,"column":9}},"21":{"start":{"line":89,"column":12},"end":{"line":null,"column":-1}},"22":{"start":{"line":97,"column":12},"end":{"line":null,"column":-1}},"23":{"start":{"line":98,"column":12},"end":{"line":null,"column":-1}},"24":{"start":{"line":100,"column":8},"end":{"line":103,"column":9}},"25":{"start":{"line":101,"column":12},"end":{"line":null,"column":-1}},"26":{"start":{"line":102,"column":12},"end":{"line":null,"column":-1}},"27":{"start":{"line":7,"column":8},"end":{"line":null,"column":-1}},"28":{"start":{"line":22,"column":8},"end":{"line":null,"column":-1}},"29":{"start":{"line":28,"column":8},"end":{"line":null,"column":-1}},"30":{"start":{"line":34,"column":8},"end":{"line":null,"column":-1}},"31":{"start":{"line":40,"column":8},"end":{"line":null,"column":-1}},"32":{"start":{"line":46,"column":8},"end":{"line":null,"column":-1}},"33":{"start":{"line":109,"column":8},"end":{"line":115,"column":9}},"34":{"start":{"line":110,"column":12},"end":{"line":null,"column":-1}},"35":{"start":{"line":117,"column":8},"end":{"line":119,"column":9}},"36":{"start":{"line":118,"column":12},"end":{"line":null,"column":-1}},"37":{"start":{"line":121,"column":8},"end":{"line":null,"column":-1}},"38":{"start":{"line":124,"column":151},"end":{"line":124,"column":16}},"39":{"start":{"line":131,"column":39},"end":{"line":null,"column":-1}},"40":{"start":{"line":139,"column":39},"end":{"line":null,"column":-1}},"41":{"start":{"line":148,"column":39},"end":{"line":null,"column":-1}},"42":{"start":{"line":151,"column":39},"end":{"line":151,"column":16}}},"fnMap":{"0":{"name":"(anonymous_1)","decl":{"start":{"line":4,"column":4},"end":{"line":4,"column":15}},"loc":{"start":{"line":4,"column":23},"end":{"line":15,"column":5}}},"1":{"name":"(anonymous_2)","decl":{"start":{"line":17,"column":24},"end":{"line":17,"column":29}},"loc":{"start":{"line":17,"column":30},"end":{"line":4,"column":23}}},"2":{"name":"(anonymous_3)","decl":{"start":{"line":49,"column":14},"end":{"line":49,"column":25}},"loc":{"start":{"line":49,"column":26},"end":{"line":4,"column":23}}},"3":{"name":"(anonymous_4)","decl":{"start":{"line":74,"column":17},"end":{"line":74,"column":23}},"loc":{"start":{"line":74,"column":68},"end":{"line":4,"column":23}}},"4":{"name":"(anonymous_5)","decl":{"start":{"line":21,"column":4},"end":{"line":21,"column":18}},"loc":{"start":{"line":21,"column":26},"end":{"line":25,"column":5}}},"5":{"name":"(anonymous_6)","decl":{"start":{"line":27,"column":4},"end":{"line":27,"column":19}},"loc":{"start":{"line":27,"column":27},"end":{"line":31,"column":5}}},"6":{"name":"(anonymous_7)","decl":{"start":{"line":33,"column":4},"end":{"line":33,"column":21}},"loc":{"start":{"line":33,"column":29},"end":{"line":37,"column":5}}},"7":{"name":"(anonymous_8)","decl":{"start":{"line":39,"column":4},"end":{"line":39,"column":19}},"loc":{"start":{"line":39,"column":27},"end":{"line":43,"column":5}}},"8":{"name":"(anonymous_9)","decl":{"start":{"line":45,"column":4},"end":{"line":45,"column":18}},"loc":{"start":{"line":45,"column":26},"end":{"line":47,"column":5}}},"9":{"name":"(anonymous_10)","decl":{"start":{"line":108,"column":4},"end":{"line":108,"column":12}},"loc":{"start":{"line":108,"column":13},"end":{"line":159,"column":5}}},"10":{"name":"(anonymous_11)","decl":{"start":{"line":124,"column":142},"end":{"line":124,"column":150}},"loc":{"start":{"line":124,"column":151},"end":{"line":124,"column":16}}},"11":{"name":"(anonymous_12)","decl":{"start":{"line":131,"column":30},"end":{"line":131,"column":38}},"loc":{"start":{"line":131,"column":39},"end":{"line":null,"column":-1}}},"12":{"name":"(anonymous_13)","decl":{"start":{"line":139,"column":30},"end":{"line":139,"column":38}},"loc":{"start":{"line":139,"column":39},"end":{"line":null,"column":-1}}},"13":{"name":"(anonymous_14)","decl":{"start":{"line":148,"column":30},"end":{"line":148,"column":38}},"loc":{"start":{"line":148,"column":39},"end":{"line":null,"column":-1}}},"14":{"name":"(anonymous_15)","decl":{"start":{"line":151,"column":33},"end":{"line":151,"column":38}},"loc":{"start":{"line":151,"column":39},"end":{"line":151,"column":16}}}},"branchMap":{"0":{"loc":{"start":{"line":60,"column":8},"end":{"line":70,"column":9}},"type":"if","locations":[{"start":{"line":60,"column":8},"end":{"line":70,"column":9}},{"start":{"line":60,"column":8},"end":{"line":70,"column":9}}]},"1":{"loc":{"start":{"line":79,"column":8},"end":{"line":82,"column":9}},"type":"if","locations":[{"start":{"line":79,"column":8},"end":{"line":82,"column":9}},{"start":{"line":79,"column":8},"end":{"line":82,"column":9}}]},"2":{"loc":{"start":{"line":79,"column":11},"end":{"line":79,"column":10}},"type":"binary-expr","locations":[{"start":{"line":79,"column":11},"end":{"line":79,"column":10}},{"start":{"line":79,"column":36},"end":{"line":79,"column":11}},{"start":{"line":79,"column":64},"end":{"line":79,"column":11}},{"start":{"line":79,"column":90},"end":{"line":79,"column":8}}]},"3":{"loc":{"start":{"line":100,"column":8},"end":{"line":103,"column":9}},"type":"if","locations":[{"start":{"line":100,"column":8},"end":{"line":103,"column":9}},{"start":{"line":100,"column":8},"end":{"line":103,"column":9}}]},"4":{"loc":{"start":{"line":109,"column":8},"end":{"line":115,"column":9}},"type":"if","locations":[{"start":{"line":109,"column":8},"end":{"line":115,"column":9}},{"start":{"line":109,"column":8},"end":{"line":115,"column":9}}]},"5":{"loc":{"start":{"line":117,"column":8},"end":{"line":119,"column":9}},"type":"if","locations":[{"start":{"line":117,"column":8},"end":{"line":119,"column":9}},{"start":{"line":117,"column":8},"end":{"line":119,"column":9}}]}},"s":{"0":0,"1":0,"2":0,"3":0,"4":0,"5":0,"6":0,"7":0,"8":0,"9":0,"10":0,"11":0,"12":0,"13":0,"14":0,"15":0,"16":0,"17":0,"18":0,"19":0,"20":0,"21":0,"22":0,"23":0,"24":0,"25":0,"26":0,"27":0,"28":0,"29":0,"30":0,"31":0,"32":0,"33":0,"34":0,"35":0,"36":0,"37":0,"38":0,"39":0,"40":0,"41":0,"42":0},"f":{"0":0,"1":0,"2":0,"3":0,"4":0,"5":0,"6":0,"7":0,"8":0,"9":0,"10":0,"11":0,"12":0,"13":0,"14":0},"b":{"0":[0,0],"1":[0,0],"2":[0,0,0,0],"3":[0,0],"4":[0,0],"5":[0,0]}}
,"C:\\Users\\Marcus\\Desktop\\cantina-app\\src\\client\\views\\home.jsx": {"path":"C:\\Users\\Marcus\\Desktop\\cantina-app\\src\\client\\views\\home.jsx","statementMap":{"0":{"start":{"line":1,"column":0},"end":{"line":null,"column":-1}},"1":{"start":{"line":2,"column":0},"end":{"line":null,"column":-1}},"2":{"start":{"line":6,"column":8},"end":{"line":null,"column":-1}},"3":{"start":{"line":5,"column":23},"end":{"line":null,"column":-1}},"4":{"start":{"line":15,"column":8},"end":{"line":null,"column":-1}},"5":{"start":{"line":51,"column":20},"end":{"line":51,"column":8}},"6":{"start":{"line":52,"column":8},"end":{"line":null,"column":-1}},"7":{"start":{"line":56,"column":8},"end":{"line":61,"column":9}},"8":{"start":{"line":57,"column":12},"end":{"line":null,"column":-1}},"9":{"start":{"line":59,"column":12},"end":{"line":null,"column":-1}},"10":{"start":{"line":60,"column":12},"end":{"line":null,"column":-1}},"11":{"start":{"line":63,"column":8},"end":{"line":66,"column":9}},"12":{"start":{"line":64,"column":12},"end":{"line":null,"column":-1}},"13":{"start":{"line":65,"column":12},"end":{"line":null,"column":-1}},"14":{"start":{"line":68,"column":8},"end":{"line":null,"column":-1}},"15":{"start":{"line":70,"column":8},"end":{"line":null,"column":-1}},"16":{"start":{"line":74,"column":20},"end":{"line":74,"column":8}},"17":{"start":{"line":78,"column":8},"end":{"line":83,"column":9}},"18":{"start":{"line":79,"column":12},"end":{"line":null,"column":-1}},"19":{"start":{"line":81,"column":12},"end":{"line":null,"column":-1}},"20":{"start":{"line":82,"column":12},"end":{"line":null,"column":-1}},"21":{"start":{"line":85,"column":8},"end":{"line":88,"column":9}},"22":{"start":{"line":86,"column":12},"end":{"line":null,"column":-1}},"23":{"start":{"line":87,"column":12},"end":{"line":null,"column":-1}},"24":{"start":{"line":90,"column":8},"end":{"line":null,"column":-1}},"25":{"start":{"line":91,"column":8},"end":{"line":null,"column":-1}},"26":{"start":{"line":8,"column":8},"end":{"line":null,"column":-1}},"27":{"start":{"line":21,"column":20},"end":{"line":21,"column":8}},"28":{"start":{"line":26,"column":8},"end":{"line":35,"column":9}},"29":{"start":{"line":27,"column":12},"end":{"line":null,"column":-1}},"30":{"start":{"line":28,"column":12},"end":{"line":null,"column":-1}},"31":{"start":{"line":30,"column":12},"end":{"line":null,"column":-1}},"32":{"start":{"line":34,"column":12},"end":{"line":null,"column":-1}},"33":{"start":{"line":37,"column":8},"end":{"line":47,"column":9}},"34":{"start":{"line":38,"column":12},"end":{"line":null,"column":-1}},"35":{"start":{"line":43,"column":12},"end":{"line":null,"column":-1}},"36":{"start":{"line":95,"column":8},"end":{"line":null,"column":-1}},"37":{"start":{"line":110,"column":8},"end":{"line":null,"column":-1}},"38":{"start":{"line":128,"column":23},"end":{"line":128,"column":8}},"39":{"start":{"line":129,"column":8},"end":{"line":174,"column":9}},"40":{"start":{"line":130,"column":12},"end":{"line":null,"column":-1}},"41":{"start":{"line":131,"column":15},"end":{"line":174,"column":9}},"42":{"start":{"line":132,"column":12},"end":{"line":null,"column":-1}},"43":{"start":{"line":134,"column":12},"end":{"line":null,"column":-1}},"44":{"start":{"line":135,"column":16},"end":{"line":null,"column":-1}},"45":{"start":{"line":141,"column":32},"end":{"line":null,"column":-1}},"46":{"start":{"line":149,"column":32},"end":{"line":null,"column":-1}},"47":{"start":{"line":157,"column":50},"end":{"line":157,"column":28}},"48":{"start":{"line":169,"column":12},"end":{"line":173,"column":13}},"49":{"start":{"line":170,"column":16},"end":{"line":null,"column":-1}},"50":{"start":{"line":172,"column":16},"end":{"line":null,"column":-1}},"51":{"start":{"line":175,"column":8},"end":{"line":null,"column":-1}}},"fnMap":{"0":{"name":"(anonymous_1)","decl":{"start":{"line":5,"column":4},"end":{"line":5,"column":15}},"loc":{"start":{"line":5,"column":23},"end":{"line":12,"column":5}}},"1":{"name":"(anonymous_2)","decl":{"start":{"line":14,"column":24},"end":{"line":14,"column":29}},"loc":{"start":{"line":14,"column":30},"end":{"line":5,"column":23}}},"2":{"name":"(anonymous_3)","decl":{"start":{"line":50,"column":21},"end":{"line":50,"column":26}},"loc":{"start":{"line":50,"column":34},"end":{"line":5,"column":23}}},"3":{"name":"(anonymous_4)","decl":{"start":{"line":73,"column":15},"end":{"line":73,"column":26}},"loc":{"start":{"line":73,"column":27},"end":{"line":5,"column":23}}},"4":{"name":"(anonymous_5)","decl":{"start":{"line":19,"column":4},"end":{"line":19,"column":9}},"loc":{"start":{"line":19,"column":20},"end":{"line":48,"column":5}}},"5":{"name":"(anonymous_6)","decl":{"start":{"line":94,"column":4},"end":{"line":94,"column":14}},"loc":{"start":{"line":94,"column":15},"end":{"line":107,"column":5}}},"6":{"name":"(anonymous_7)","decl":{"start":{"line":109,"column":4},"end":{"line":109,"column":17}},"loc":{"start":{"line":109,"column":18},"end":{"line":122,"column":5}}},"7":{"name":"(anonymous_8)","decl":{"start":{"line":125,"column":4},"end":{"line":125,"column":12}},"loc":{"start":{"line":125,"column":13},"end":{"line":186,"column":5}}},"8":{"name":"(anonymous_9)","decl":{"start":{"line":134,"column":39},"end":{"line":134,"column":50}},"loc":{"start":{"line":134,"column":51},"end":{"line":134,"column":19}}},"9":{"name":"(anonymous_10)","decl":{"start":{"line":140,"column":53},"end":{"line":140,"column":66}},"loc":{"start":{"line":140,"column":67},"end":{"line":140,"column":28}}},"10":{"name":"(anonymous_11)","decl":{"start":{"line":148,"column":53},"end":{"line":148,"column":63}},"loc":{"start":{"line":148,"column":64},"end":{"line":148,"column":28}}},"11":{"name":"(anonymous_12)","decl":{"start":{"line":157,"column":45},"end":{"line":157,"column":49}},"loc":{"start":{"line":157,"column":50},"end":{"line":157,"column":28}}}},"branchMap":{"0":{"loc":{"start":{"line":63,"column":8},"end":{"line":66,"column":9}},"type":"if","locations":[{"start":{"line":63,"column":8},"end":{"line":66,"column":9}},{"start":{"line":63,"column":8},"end":{"line":66,"column":9}}]},"1":{"loc":{"start":{"line":85,"column":8},"end":{"line":88,"column":9}},"type":"if","locations":[{"start":{"line":85,"column":8},"end":{"line":88,"column":9}},{"start":{"line":85,"column":8},"end":{"line":88,"column":9}}]},"2":{"loc":{"start":{"line":37,"column":8},"end":{"line":47,"column":9}},"type":"if","locations":[{"start":{"line":37,"column":8},"end":{"line":47,"column":9}},{"start":{"line":37,"column":8},"end":{"line":47,"column":9}}]},"3":{"loc":{"start":{"line":129,"column":8},"end":{"line":174,"column":9}},"type":"if","locations":[{"start":{"line":129,"column":8},"end":{"line":174,"column":9}},{"start":{"line":129,"column":8},"end":{"line":174,"column":9}}]},"4":{"loc":{"start":{"line":131,"column":15},"end":{"line":174,"column":9}},"type":"if","locations":[{"start":{"line":131,"column":15},"end":{"line":174,"column":9}},{"start":{"line":131,"column":15},"end":{"line":174,"column":9}}]},"5":{"loc":{"start":{"line":131,"column":19},"end":{"line":131,"column":18}},"type":"binary-expr","locations":[{"start":{"line":131,"column":19},"end":{"line":131,"column":18}},{"start":{"line":131,"column":47},"end":{"line":131,"column":15}}]},"6":{"loc":{"start":{"line":156,"column":24},"end":{"line":155,"column":21}},"type":"cond-expr","locations":[{"start":{"line":156,"column":24},"end":{"line":155,"column":21}},{"start":{"line":163,"column":24},"end":{"line":null,"column":-1}}]},"7":{"loc":{"start":{"line":169,"column":12},"end":{"line":173,"column":13}},"type":"if","locations":[{"start":{"line":169,"column":12},"end":{"line":173,"column":13}},{"start":{"line":169,"column":12},"end":{"line":173,"column":13}}]}},"s":{"0":0,"1":0,"2":0,"3":0,"4":0,"5":0,"6":0,"7":0,"8":0,"9":0,"10":0,"11":0,"12":0,"13":0,"14":0,"15":0,"16":0,"17":0,"18":0,"19":0,"20":0,"21":0,"22":0,"23":0,"24":0,"25":0,"26":0,"27":0,"28":0,"29":0,"30":0,"31":0,"32":0,"33":0,"34":0,"35":0,"36":0,"37":0,"38":0,"39":0,"40":0,"41":0,"42":0,"43":0,"44":0,"45":0,"46":0,"47":0,"48":0,"49":0,"50":0,"51":0},"f":{"0":0,"1":0,"2":0,"3":0,"4":0,"5":0,"6":0,"7":0,"8":0,"9":0,"10":0,"11":0},"b":{"0":[0,0],"1":[0,0],"2":[0,0],"3":[0,0],"4":[0,0],"5":[0,0],"6":[0,0],"7":[0,0]}}
,"C:\\Users\\Marcus\\Desktop\\cantina-app\\src\\client\\views\\login.jsx": {"path":"C:\\Users\\Marcus\\Desktop\\cantina-app\\src\\client\\views\\login.jsx","statementMap":{"0":{"start":{"line":1,"column":0},"end":{"line":null,"column":-1}},"1":{"start":{"line":2,"column":0},"end":{"line":null,"column":-1}},"2":{"start":{"line":6,"column":8},"end":{"line":null,"column":-1}},"3":{"start":{"line":5,"column":23},"end":{"line":null,"column":-1}},"4":{"start":{"line":54,"column":31},"end":{"line":54,"column":8}},"5":{"start":{"line":56,"column":20},"end":{"line":56,"column":8}},"6":{"start":{"line":58,"column":24},"end":{"line":58,"column":8}},"7":{"start":{"line":62,"column":8},"end":{"line":73,"column":9}},"8":{"start":{"line":63,"column":12},"end":{"line":null,"column":-1}},"9":{"start":{"line":71,"column":12},"end":{"line":null,"column":-1}},"10":{"start":{"line":72,"column":12},"end":{"line":null,"column":-1}},"11":{"start":{"line":76,"column":8},"end":{"line":79,"column":9}},"12":{"start":{"line":77,"column":12},"end":{"line":null,"column":-1}},"13":{"start":{"line":78,"column":12},"end":{"line":null,"column":-1}},"14":{"start":{"line":81,"column":8},"end":{"line":84,"column":9}},"15":{"start":{"line":82,"column":12},"end":{"line":null,"column":-1}},"16":{"start":{"line":83,"column":12},"end":{"line":null,"column":-1}},"17":{"start":{"line":86,"column":8},"end":{"line":null,"column":-1}},"18":{"start":{"line":88,"column":8},"end":{"line":91,"column":9}},"19":{"start":{"line":89,"column":12},"end":{"line":null,"column":-1}},"20":{"start":{"line":90,"column":12},"end":{"line":null,"column":-1}},"21":{"start":{"line":7,"column":8},"end":{"line":null,"column":-1}},"22":{"start":{"line":15,"column":8},"end":{"line":null,"column":-1}},"23":{"start":{"line":24,"column":39},"end":{"line":null,"column":-1}},"24":{"start":{"line":32,"column":39},"end":{"line":null,"column":-1}},"25":{"start":{"line":42,"column":8},"end":{"line":null,"column":-1}},"26":{"start":{"line":48,"column":8},"end":{"line":null,"column":-1}}},"fnMap":{"0":{"name":"(anonymous_1)","decl":{"start":{"line":5,"column":4},"end":{"line":5,"column":15}},"loc":{"start":{"line":5,"column":23},"end":{"line":12,"column":5}}},"1":{"name":"(anonymous_2)","decl":{"start":{"line":53,"column":12},"end":{"line":53,"column":23}},"loc":{"start":{"line":53,"column":24},"end":{"line":5,"column":23}}},"2":{"name":"(anonymous_3)","decl":{"start":{"line":14,"column":4},"end":{"line":14,"column":13}},"loc":{"start":{"line":14,"column":14},"end":{"line":39,"column":5}}},"3":{"name":"(anonymous_4)","decl":{"start":{"line":24,"column":30},"end":{"line":24,"column":38}},"loc":{"start":{"line":24,"column":39},"end":{"line":null,"column":-1}}},"4":{"name":"(anonymous_5)","decl":{"start":{"line":32,"column":30},"end":{"line":32,"column":38}},"loc":{"start":{"line":32,"column":39},"end":{"line":null,"column":-1}}},"5":{"name":"(anonymous_6)","decl":{"start":{"line":41,"column":4},"end":{"line":41,"column":19}},"loc":{"start":{"line":41,"column":27},"end":{"line":45,"column":5}}},"6":{"name":"(anonymous_7)","decl":{"start":{"line":47,"column":4},"end":{"line":47,"column":19}},"loc":{"start":{"line":47,"column":27},"end":{"line":51,"column":5}}}},"branchMap":{"0":{"loc":{"start":{"line":76,"column":8},"end":{"line":79,"column":9}},"type":"if","locations":[{"start":{"line":76,"column":8},"end":{"line":79,"column":9}},{"start":{"line":76,"column":8},"end":{"line":79,"column":9}}]},"1":{"loc":{"start":{"line":81,"column":8},"end":{"line":84,"column":9}},"type":"if","locations":[{"start":{"line":81,"column":8},"end":{"line":84,"column":9}},{"start":{"line":81,"column":8},"end":{"line":84,"column":9}}]},"2":{"loc":{"start":{"line":88,"column":8},"end":{"line":91,"column":9}},"type":"if","locations":[{"start":{"line":88,"column":8},"end":{"line":91,"column":9}},{"start":{"line":88,"column":8},"end":{"line":91,"column":9}}]}},"s":{"0":0,"1":0,"2":0,"3":0,"4":0,"5":0,"6":0,"7":0,"8":0,"9":0,"10":0,"11":0,"12":0,"13":0,"14":0,"15":0,"16":0,"17":0,"18":0,"19":0,"20":0,"21":0,"22":0,"23":0,"24":0,"25":0,"26":0},"f":{"0":0,"1":0,"2":0,"3":0,"4":0,"5":0,"6":0},"b":{"0":[0,0],"1":[0,0],"2":[0,0]}}
,"C:\\Users\\Marcus\\Desktop\\cantina-app\\src\\client\\views\\signup.jsx": {"path":"C:\\Users\\Marcus\\Desktop\\cantina-app\\src\\client\\views\\signup.jsx","statementMap":{"0":{"start":{"line":1,"column":0},"end":{"line":null,"column":-1}},"1":{"start":{"line":2,"column":0},"end":{"line":null,"column":-1}},"2":{"start":{"line":7,"column":8},"end":{"line":null,"column":-1}},"3":{"start":{"line":6,"column":23},"end":{"line":null,"column":-1}},"4":{"start":{"line":52,"column":31},"end":{"line":52,"column":8}},"5":{"start":{"line":54,"column":20},"end":{"line":54,"column":8}},"6":{"start":{"line":56,"column":24},"end":{"line":56,"column":8}},"7":{"start":{"line":60,"column":8},"end":{"line":70,"column":9}},"8":{"start":{"line":61,"column":12},"end":{"line":null,"column":-1}},"9":{"start":{"line":69,"column":12},"end":{"line":null,"column":-1}},"10":{"start":{"line":72,"column":8},"end":{"line":74,"column":9}},"11":{"start":{"line":73,"column":12},"end":{"line":null,"column":-1}},"12":{"start":{"line":76,"column":8},"end":{"line":78,"column":9}},"13":{"start":{"line":77,"column":12},"end":{"line":null,"column":-1}},"14":{"start":{"line":80,"column":8},"end":{"line":null,"column":-1}},"15":{"start":{"line":81,"column":8},"end":{"line":84,"column":9}},"16":{"start":{"line":82,"column":12},"end":{"line":null,"column":-1}},"17":{"start":{"line":83,"column":12},"end":{"line":null,"column":-1}},"18":{"start":{"line":8,"column":8},"end":{"line":null,"column":-1}},"19":{"start":{"line":16,"column":8},"end":{"line":null,"column":-1}},"20":{"start":{"line":24,"column":39},"end":{"line":null,"column":-1}},"21":{"start":{"line":31,"column":39},"end":{"line":null,"column":-1}},"22":{"start":{"line":40,"column":8},"end":{"line":null,"column":-1}},"23":{"start":{"line":46,"column":8},"end":{"line":null,"column":-1}}},"fnMap":{"0":{"name":"(anonymous_1)","decl":{"start":{"line":6,"column":4},"end":{"line":6,"column":15}},"loc":{"start":{"line":6,"column":23},"end":{"line":13,"column":5}}},"1":{"name":"(anonymous_2)","decl":{"start":{"line":51,"column":13},"end":{"line":51,"column":24}},"loc":{"start":{"line":51,"column":25},"end":{"line":6,"column":23}}},"2":{"name":"(anonymous_3)","decl":{"start":{"line":15,"column":4},"end":{"line":15,"column":13}},"loc":{"start":{"line":15,"column":14},"end":{"line":37,"column":5}}},"3":{"name":"(anonymous_4)","decl":{"start":{"line":24,"column":30},"end":{"line":24,"column":38}},"loc":{"start":{"line":24,"column":39},"end":{"line":null,"column":-1}}},"4":{"name":"(anonymous_5)","decl":{"start":{"line":31,"column":30},"end":{"line":31,"column":38}},"loc":{"start":{"line":31,"column":39},"end":{"line":null,"column":-1}}},"5":{"name":"(anonymous_6)","decl":{"start":{"line":39,"column":4},"end":{"line":39,"column":19}},"loc":{"start":{"line":39,"column":27},"end":{"line":43,"column":5}}},"6":{"name":"(anonymous_7)","decl":{"start":{"line":45,"column":4},"end":{"line":45,"column":19}},"loc":{"start":{"line":45,"column":27},"end":{"line":49,"column":5}}}},"branchMap":{"0":{"loc":{"start":{"line":72,"column":8},"end":{"line":74,"column":9}},"type":"if","locations":[{"start":{"line":72,"column":8},"end":{"line":74,"column":9}},{"start":{"line":72,"column":8},"end":{"line":74,"column":9}}]},"1":{"loc":{"start":{"line":76,"column":8},"end":{"line":78,"column":9}},"type":"if","locations":[{"start":{"line":76,"column":8},"end":{"line":78,"column":9}},{"start":{"line":76,"column":8},"end":{"line":78,"column":9}}]},"2":{"loc":{"start":{"line":81,"column":8},"end":{"line":84,"column":9}},"type":"if","locations":[{"start":{"line":81,"column":8},"end":{"line":84,"column":9}},{"start":{"line":81,"column":8},"end":{"line":84,"column":9}}]}},"s":{"0":0,"1":0,"2":0,"3":0,"4":0,"5":0,"6":0,"7":0,"8":0,"9":0,"10":0,"11":0,"12":0,"13":0,"14":0,"15":0,"16":0,"17":0,"18":0,"19":0,"20":0,"21":0,"22":0,"23":0},"f":{"0":0,"1":0,"2":0,"3":0,"4":0,"5":0,"6":0},"b":{"0":[0,0],"1":[0,0],"2":[0,0]}}
,"C:\\Users\\Marcus\\Desktop\\cantina-app\\src\\server\\app.js": {"path":"C:\\Users\\Marcus\\Desktop\\cantina-app\\src\\server\\app.js","statementMap":{"0":{"start":{"line":1,"column":19},"end":{"line":1,"column":41}},"1":{"start":{"line":2,"column":17},"end":{"line":2,"column":36}},"2":{"start":{"line":3,"column":16},"end":{"line":3,"column":42}},"3":{"start":{"line":4,"column":22},"end":{"line":4,"column":56}},"4":{"start":{"line":5,"column":13},"end":{"line":5,"column":28}},"5":{"start":{"line":6,"column":16},"end":{"line":6,"column":34}},"6":{"start":{"line":7,"column":81},"end":{"line":7,"column":111}},"7":{"start":{"line":8,"column":14},"end":{"line":8,"column":35}},"8":{"start":{"line":9,"column":16},"end":{"line":9,"column":44}},"9":{"start":{"line":10,"column":12},"end":{"line":10,"column":21}},"10":{"start":{"line":11,"column":12},"end":{"line":11,"column":38}},"11":{"start":{"line":12,"column":18},"end":{"line":12,"column":31}},"12":{"start":{"line":15,"column":0},"end":{"line":15,"column":26}},"13":{"start":{"line":17,"column":0},"end":{"line":21,"column":3}},"14":{"start":{"line":23,"column":0},"end":{"line":23,"column":33}},"15":{"start":{"line":25,"column":0},"end":{"line":41,"column":3}},"16":{"start":{"line":32,"column":19},"end":{"line":32,"column":53}},"17":{"start":{"line":34,"column":8},"end":{"line":36,"column":9}},"18":{"start":{"line":35,"column":12},"end":{"line":35,"column":77}},"19":{"start":{"line":38,"column":21},"end":{"line":38,"column":42}},"20":{"start":{"line":39,"column":8},"end":{"line":39,"column":32}},"21":{"start":{"line":43,"column":0},"end":{"line":45,"column":3}},"22":{"start":{"line":44,"column":4},"end":{"line":44,"column":24}},"23":{"start":{"line":47,"column":0},"end":{"line":56,"column":3}},"24":{"start":{"line":49,"column":17},"end":{"line":49,"column":34}},"25":{"start":{"line":51,"column":4},"end":{"line":55,"column":5}},"26":{"start":{"line":52,"column":8},"end":{"line":52,"column":25}},"27":{"start":{"line":54,"column":8},"end":{"line":54,"column":26}},"28":{"start":{"line":58,"column":0},"end":{"line":58,"column":31}},"29":{"start":{"line":59,"column":0},"end":{"line":59,"column":28}},"30":{"start":{"line":60,"column":0},"end":{"line":60,"column":24}},"31":{"start":{"line":63,"column":14},"end":{"line":63,"column":15}},"32":{"start":{"line":64,"column":17},"end":{"line":64,"column":19}},"33":{"start":{"line":66,"column":0},"end":{"line":84,"column":2}},"34":{"start":{"line":67,"column":4},"end":{"line":67,"column":51}},"35":{"start":{"line":69,"column":4},"end":{"line":69,"column":37}},"36":{"start":{"line":71,"column":4},"end":{"line":83,"column":6}},"37":{"start":{"line":72,"column":21},"end":{"line":72,"column":43}},"38":{"start":{"line":73,"column":19},"end":{"line":73,"column":28}},"39":{"start":{"line":74,"column":20},"end":{"line":74,"column":66}},"40":{"start":{"line":76,"column":8},"end":{"line":76,"column":26}},"41":{"start":{"line":78,"column":8},"end":{"line":82,"column":10}},"42":{"start":{"line":79,"column":12},"end":{"line":81,"column":13}},"43":{"start":{"line":80,"column":16},"end":{"line":80,"column":50}},"44":{"start":{"line":87,"column":0},"end":{"line":89,"column":2}},"45":{"start":{"line":88,"column":4},"end":{"line":88,"column":23}},"46":{"start":{"line":91,"column":0},"end":{"line":100,"column":2}},"47":{"start":{"line":92,"column":21},"end":{"line":92,"column":50}},"48":{"start":{"line":94,"column":4},"end":{"line":99,"column":5}},"49":{"start":{"line":95,"column":8},"end":{"line":95,"column":23}},"50":{"start":{"line":96,"column":8},"end":{"line":96,"column":18}},"51":{"start":{"line":98,"column":8},"end":{"line":98,"column":26}},"52":{"start":{"line":102,"column":0},"end":{"line":110,"column":2}},"53":{"start":{"line":103,"column":20},"end":{"line":103,"column":49}},"54":{"start":{"line":104,"column":4},"end":{"line":108,"column":5}},"55":{"start":{"line":105,"column":8},"end":{"line":105,"column":24}},"56":{"start":{"line":107,"column":8},"end":{"line":107,"column":24}},"57":{"start":{"line":109,"column":4},"end":{"line":109,"column":15}},"58":{"start":{"line":112,"column":0},"end":{"line":120,"column":2}},"59":{"start":{"line":113,"column":17},"end":{"line":113,"column":25}},"60":{"start":{"line":115,"column":15},"end":{"line":115,"column":95}},"61":{"start":{"line":117,"column":4},"end":{"line":117,"column":19}},"62":{"start":{"line":118,"column":4},"end":{"line":118,"column":54}},"63":{"start":{"line":119,"column":4},"end":{"line":119,"column":14}},"64":{"start":{"line":122,"column":0},"end":{"line":137,"column":3}},"65":{"start":{"line":123,"column":4},"end":{"line":127,"column":5}},"66":{"start":{"line":124,"column":8},"end":{"line":124,"column":24}},"67":{"start":{"line":125,"column":8},"end":{"line":125,"column":19}},"68":{"start":{"line":126,"column":8},"end":{"line":126,"column":15}},"69":{"start":{"line":129,"column":20},"end":{"line":129,"column":44}},"70":{"start":{"line":131,"column":4},"end":{"line":135,"column":5}},"71":{"start":{"line":132,"column":8},"end":{"line":132,"column":24}},"72":{"start":{"line":134,"column":8},"end":{"line":134,"column":24}},"73":{"start":{"line":136,"column":4},"end":{"line":136,"column":15}},"74":{"start":{"line":139,"column":0},"end":{"line":141,"column":3}},"75":{"start":{"line":140,"column":4},"end":{"line":140,"column":78}},"76":{"start":{"line":145,"column":0},"end":{"line":145,"column":21}}},"fnMap":{"0":{"name":"(anonymous_0)","decl":{"start":{"line":30,"column":4},"end":{"line":30,"column":5}},"loc":{"start":{"line":30,"column":38},"end":{"line":40,"column":5}},"line":30},"1":{"name":"(anonymous_1)","decl":{"start":{"line":43,"column":23},"end":{"line":43,"column":24}},"loc":{"start":{"line":43,"column":45},"end":{"line":45,"column":1}},"line":43},"2":{"name":"(anonymous_2)","decl":{"start":{"line":47,"column":25},"end":{"line":47,"column":26}},"loc":{"start":{"line":47,"column":45},"end":{"line":56,"column":1}},"line":47},"3":{"name":"(anonymous_3)","decl":{"start":{"line":66,"column":12},"end":{"line":66,"column":13}},"loc":{"start":{"line":66,"column":25},"end":{"line":84,"column":1}},"line":66},"4":{"name":"(anonymous_4)","decl":{"start":{"line":71,"column":21},"end":{"line":71,"column":22}},"loc":{"start":{"line":71,"column":35},"end":{"line":83,"column":5}},"line":71},"5":{"name":"(anonymous_5)","decl":{"start":{"line":78,"column":37},"end":{"line":78,"column":38}},"loc":{"start":{"line":78,"column":49},"end":{"line":82,"column":9}},"line":78},"6":{"name":"(anonymous_6)","decl":{"start":{"line":87,"column":30},"end":{"line":87,"column":31}},"loc":{"start":{"line":87,"column":44},"end":{"line":89,"column":1}},"line":87},"7":{"name":"(anonymous_7)","decl":{"start":{"line":91,"column":34},"end":{"line":91,"column":35}},"loc":{"start":{"line":91,"column":48},"end":{"line":100,"column":1}},"line":91},"8":{"name":"(anonymous_8)","decl":{"start":{"line":102,"column":37},"end":{"line":102,"column":38}},"loc":{"start":{"line":102,"column":51},"end":{"line":110,"column":1}},"line":102},"9":{"name":"(anonymous_9)","decl":{"start":{"line":112,"column":31},"end":{"line":112,"column":32}},"loc":{"start":{"line":112,"column":45},"end":{"line":120,"column":1}},"line":112},"10":{"name":"(anonymous_10)","decl":{"start":{"line":122,"column":34},"end":{"line":122,"column":35}},"loc":{"start":{"line":122,"column":48},"end":{"line":137,"column":1}},"line":122},"11":{"name":"(anonymous_11)","decl":{"start":{"line":139,"column":8},"end":{"line":139,"column":9}},"loc":{"start":{"line":139,"column":28},"end":{"line":141,"column":1}},"line":139}},"branchMap":{"0":{"loc":{"start":{"line":34,"column":8},"end":{"line":36,"column":9}},"type":"if","locations":[{"start":{"line":34,"column":8},"end":{"line":36,"column":9}},{"start":{"line":34,"column":8},"end":{"line":36,"column":9}}],"line":34},"1":{"loc":{"start":{"line":51,"column":4},"end":{"line":55,"column":5}},"type":"if","locations":[{"start":{"line":51,"column":4},"end":{"line":55,"column":5}},{"start":{"line":51,"column":4},"end":{"line":55,"column":5}}],"line":51},"2":{"loc":{"start":{"line":79,"column":12},"end":{"line":81,"column":13}},"type":"if","locations":[{"start":{"line":79,"column":12},"end":{"line":81,"column":13}},{"start":{"line":79,"column":12},"end":{"line":81,"column":13}}],"line":79},"3":{"loc":{"start":{"line":94,"column":4},"end":{"line":99,"column":5}},"type":"if","locations":[{"start":{"line":94,"column":4},"end":{"line":99,"column":5}},{"start":{"line":94,"column":4},"end":{"line":99,"column":5}}],"line":94},"4":{"loc":{"start":{"line":94,"column":7},"end":{"line":94,"column":50}},"type":"binary-expr","locations":[{"start":{"line":94,"column":7},"end":{"line":94,"column":29}},{"start":{"line":94,"column":33},"end":{"line":94,"column":50}}],"line":94},"5":{"loc":{"start":{"line":104,"column":4},"end":{"line":108,"column":5}},"type":"if","locations":[{"start":{"line":104,"column":4},"end":{"line":108,"column":5}},{"start":{"line":104,"column":4},"end":{"line":108,"column":5}}],"line":104},"6":{"loc":{"start":{"line":123,"column":4},"end":{"line":127,"column":5}},"type":"if","locations":[{"start":{"line":123,"column":4},"end":{"line":127,"column":5}},{"start":{"line":123,"column":4},"end":{"line":127,"column":5}}],"line":123},"7":{"loc":{"start":{"line":131,"column":4},"end":{"line":135,"column":5}},"type":"if","locations":[{"start":{"line":131,"column":4},"end":{"line":135,"column":5}},{"start":{"line":131,"column":4},"end":{"line":135,"column":5}}],"line":131}},"s":{"0":1,"1":1,"2":1,"3":1,"4":1,"5":1,"6":1,"7":1,"8":1,"9":1,"10":1,"11":1,"12":1,"13":1,"14":1,"15":1,"16":0,"17":0,"18":0,"19":0,"20":0,"21":1,"22":0,"23":1,"24":0,"25":0,"26":0,"27":0,"28":1,"29":1,"30":1,"31":1,"32":1,"33":1,"34":0,"35":0,"36":0,"37":0,"38":0,"39":0,"40":0,"41":0,"42":0,"43":0,"44":1,"45":3,"46":1,"47":3,"48":3,"49":1,"50":1,"51":2,"52":1,"53":0,"54":0,"55":0,"56":0,"57":0,"58":1,"59":1,"60":1,"61":1,"62":1,"63":1,"64":1,"65":0,"66":0,"67":0,"68":0,"69":0,"70":0,"71":0,"72":0,"73":0,"74":1,"75":0,"76":1},"f":{"0":0,"1":0,"2":0,"3":0,"4":0,"5":0,"6":3,"7":3,"8":0,"9":1,"10":0,"11":0},"b":{"0":[0,0],"1":[0,0],"2":[0,0],"3":[1,2],"4":[3,3],"5":[0,0],"6":[0,0],"7":[0,0]},"_coverageSchema":"332fd63041d2c1bcb487cc26dd0d5f7d97098a6c","hash":"9adcea0e5f9ac88568eb16cc45e2b96f0731d006"}
,"C:\\Users\\Marcus\\Desktop\\cantina-app\\src\\server\\server.js": {"path":"C:\\Users\\Marcus\\Desktop\\cantina-app\\src\\server\\server.js","statementMap":{"0":{"start":{"line":1,"column":14},"end":{"line":1,"column":0}},"1":{"start":{"line":3,"column":13},"end":{"line":3,"column":0}},"2":{"start":{"line":5,"column":0},"end":{"line":null,"column":-1}},"3":{"start":{"line":6,"column":4},"end":{"line":null,"column":-1}}},"fnMap":{"0":{"name":"(anonymous_0)","decl":{"start":{"line":5,"column":17},"end":{"line":5,"column":22}},"loc":{"start":{"line":5,"column":23},"end":{"line":5,"column":0}}}},"branchMap":{"0":{"loc":{"start":{"line":3,"column":13},"end":{"line":3,"column":12}},"type":"binary-expr","locations":[{"start":{"line":3,"column":13},"end":{"line":3,"column":12}},{"start":{"line":3,"column":33},"end":{"line":3,"column":0}}]}},"s":{"0":0,"1":0,"2":0,"3":0},"f":{"0":0},"b":{"0":[0,0]}}
,"C:\\Users\\Marcus\\Desktop\\cantina-app\\src\\server\\db\\cafeteria-menu.js": {"path":"C:\\Users\\Marcus\\Desktop\\cantina-app\\src\\server\\db\\cafeteria-menu.js","statementMap":{"0":{"start":{"line":3,"column":20},"end":{"line":51,"column":1}},"1":{"start":{"line":54,"column":4},"end":{"line":54,"column":24}},"2":{"start":{"line":59,"column":15},"end":{"line":59,"column":19}},"3":{"start":{"line":60,"column":4},"end":{"line":62,"column":6}},"4":{"start":{"line":61,"column":8},"end":{"line":61,"column":57}},"5":{"start":{"line":61,"column":42},"end":{"line":61,"column":57}},"6":{"start":{"line":63,"column":4},"end":{"line":63,"column":15}},"7":{"start":{"line":67,"column":17},"end":{"line":73,"column":5}},"8":{"start":{"line":75,"column":4},"end":{"line":75,"column":28}},"9":{"start":{"line":76,"column":4},"end":{"line":76,"column":35}},"10":{"start":{"line":80,"column":18},"end":{"line":80,"column":20}},"11":{"start":{"line":81,"column":12},"end":{"line":81,"column":13}},"12":{"start":{"line":82,"column":4},"end":{"line":88,"column":6}},"13":{"start":{"line":83,"column":8},"end":{"line":87,"column":9}},"14":{"start":{"line":84,"column":12},"end":{"line":84,"column":27}},"15":{"start":{"line":85,"column":12},"end":{"line":85,"column":15}},"16":{"start":{"line":86,"column":12},"end":{"line":86,"column":34}},"17":{"start":{"line":89,"column":4},"end":{"line":89,"column":27}},"18":{"start":{"line":90,"column":4},"end":{"line":90,"column":15}},"19":{"start":{"line":96,"column":4},"end":{"line":102,"column":5}},"20":{"start":{"line":104,"column":4},"end":{"line":104,"column":16}},"21":{"start":{"line":108,"column":0},"end":{"line":108,"column":89}}},"fnMap":{"0":{"name":"getMenu","decl":{"start":{"line":53,"column":9},"end":{"line":53,"column":16}},"loc":{"start":{"line":53,"column":19},"end":{"line":55,"column":1}},"line":53},"1":{"name":"getOneMenuItem","decl":{"start":{"line":57,"column":9},"end":{"line":57,"column":23}},"loc":{"start":{"line":57,"column":29},"end":{"line":64,"column":1}},"line":57},"2":{"name":"(anonymous_2)","decl":{"start":{"line":60,"column":22},"end":{"line":60,"column":23}},"loc":{"start":{"line":60,"column":34},"end":{"line":62,"column":5}},"line":60},"3":{"name":"addMenuItem","decl":{"start":{"line":66,"column":9},"end":{"line":66,"column":20}},"loc":{"start":{"line":66,"column":58},"end":{"line":77,"column":1}},"line":66},"4":{"name":"deleteMenuItem","decl":{"start":{"line":79,"column":9},"end":{"line":79,"column":23}},"loc":{"start":{"line":79,"column":28},"end":{"line":91,"column":1}},"line":79},"5":{"name":"(anonymous_5)","decl":{"start":{"line":82,"column":22},"end":{"line":82,"column":23}},"loc":{"start":{"line":82,"column":34},"end":{"line":88,"column":5}},"line":82},"6":{"name":"updateMenuItem","decl":{"start":{"line":93,"column":9},"end":{"line":93,"column":23}},"loc":{"start":{"line":93,"column":30},"end":{"line":105,"column":1}},"line":93}},"branchMap":{"0":{"loc":{"start":{"line":61,"column":8},"end":{"line":61,"column":57}},"type":"if","locations":[{"start":{"line":61,"column":8},"end":{"line":61,"column":57}},{"start":{"line":61,"column":8},"end":{"line":61,"column":57}}],"line":61},"1":{"loc":{"start":{"line":83,"column":8},"end":{"line":87,"column":9}},"type":"if","locations":[{"start":{"line":83,"column":8},"end":{"line":87,"column":9}},{"start":{"line":83,"column":8},"end":{"line":87,"column":9}}],"line":83}},"s":{"0":1,"1":3,"2":3,"3":3,"4":10,"5":2,"6":3,"7":1,"8":1,"9":1,"10":0,"11":0,"12":0,"13":0,"14":0,"15":0,"16":0,"17":0,"18":0,"19":0,"20":0,"21":1},"f":{"0":3,"1":3,"2":10,"3":1,"4":0,"5":0,"6":0},"b":{"0":[2,8],"1":[0,0]},"_coverageSchema":"332fd63041d2c1bcb487cc26dd0d5f7d97098a6c","hash":"10a9f7066ea85caaaec7fc4178d631d75e80541e"}
,"C:\\Users\\Marcus\\Desktop\\cantina-app\\src\\server\\db\\users.js": {"path":"C:\\Users\\Marcus\\Desktop\\cantina-app\\src\\server\\db\\users.js","statementMap":{"0":{"start":{"line":1,"column":14},"end":{"line":1,"column":23}},"1":{"start":{"line":4,"column":4},"end":{"line":4,"column":24}},"2":{"start":{"line":8,"column":17},"end":{"line":8,"column":28}},"3":{"start":{"line":10,"column":4},"end":{"line":10,"column":66}},"4":{"start":{"line":14,"column":4},"end":{"line":16,"column":5}},"5":{"start":{"line":15,"column":8},"end":{"line":15,"column":20}},"6":{"start":{"line":18,"column":17},"end":{"line":21,"column":5}},"7":{"start":{"line":23,"column":4},"end":{"line":23,"column":23}},"8":{"start":{"line":24,"column":4},"end":{"line":24,"column":15}},"9":{"start":{"line":27,"column":0},"end":{"line":27,"column":52}}},"fnMap":{"0":{"name":"getUser","decl":{"start":{"line":3,"column":9},"end":{"line":3,"column":16}},"loc":{"start":{"line":3,"column":21},"end":{"line":5,"column":1}},"line":3},"1":{"name":"verifyUser","decl":{"start":{"line":7,"column":9},"end":{"line":7,"column":19}},"loc":{"start":{"line":7,"column":34},"end":{"line":11,"column":1}},"line":7},"2":{"name":"createUser","decl":{"start":{"line":13,"column":9},"end":{"line":13,"column":19}},"loc":{"start":{"line":13,"column":34},"end":{"line":25,"column":1}},"line":13}},"branchMap":{"0":{"loc":{"start":{"line":10,"column":11},"end":{"line":10,"column":66}},"type":"cond-expr","locations":[{"start":{"line":10,"column":32},"end":{"line":10,"column":37}},{"start":{"line":10,"column":40},"end":{"line":10,"column":66}}],"line":10},"1":{"loc":{"start":{"line":14,"column":4},"end":{"line":16,"column":5}},"type":"if","locations":[{"start":{"line":14,"column":4},"end":{"line":16,"column":5}},{"start":{"line":14,"column":4},"end":{"line":16,"column":5}}],"line":14}},"s":{"0":1,"1":0,"2":0,"3":0,"4":0,"5":0,"6":0,"7":0,"8":0,"9":1},"f":{"0":0,"1":0,"2":0},"b":{"0":[0,0],"1":[0,0]},"_coverageSchema":"332fd63041d2c1bcb487cc26dd0d5f7d97098a6c","hash":"9abf529022ae7f024108b1f0fde6570c0e135d2a"}
,"C:\\Users\\Marcus\\Desktop\\cantina-app\\src\\server\\routes\\auth-api.js": {"path":"C:\\Users\\Marcus\\Desktop\\cantina-app\\src\\server\\routes\\auth-api.js","statementMap":{"0":{"start":{"line":1,"column":16},"end":{"line":1,"column":34}},"1":{"start":{"line":2,"column":17},"end":{"line":2,"column":36}},"2":{"start":{"line":3,"column":14},"end":{"line":3,"column":36}},"3":{"start":{"line":4,"column":15},"end":{"line":4,"column":31}},"4":{"start":{"line":6,"column":0},"end":{"line":9,"column":3}},"5":{"start":{"line":8,"column":4},"end":{"line":8,"column":27}},"6":{"start":{"line":11,"column":0},"end":{"line":28,"column":3}},"7":{"start":{"line":13,"column":20},"end":{"line":13,"column":72}},"8":{"start":{"line":15,"column":4},"end":{"line":18,"column":5}},"9":{"start":{"line":16,"column":8},"end":{"line":16,"column":31}},"10":{"start":{"line":17,"column":8},"end":{"line":17,"column":15}},"11":{"start":{"line":19,"column":4},"end":{"line":27,"column":7}},"12":{"start":{"line":20,"column":8},"end":{"line":26,"column":11}},"13":{"start":{"line":21,"column":12},"end":{"line":25,"column":13}},"14":{"start":{"line":22,"column":16},"end":{"line":22,"column":39}},"15":{"start":{"line":24,"column":16},"end":{"line":24,"column":39}},"16":{"start":{"line":30,"column":0},"end":{"line":34,"column":3}},"17":{"start":{"line":32,"column":4},"end":{"line":32,"column":17}},"18":{"start":{"line":33,"column":4},"end":{"line":33,"column":27}},"19":{"start":{"line":36,"column":0},"end":{"line":47,"column":3}},"20":{"start":{"line":38,"column":4},"end":{"line":41,"column":5}},"21":{"start":{"line":39,"column":8},"end":{"line":39,"column":31}},"22":{"start":{"line":40,"column":8},"end":{"line":40,"column":15}},"23":{"start":{"line":43,"column":4},"end":{"line":46,"column":6}},"24":{"start":{"line":50,"column":0},"end":{"line":50,"column":24}}},"fnMap":{"0":{"name":"(anonymous_0)","decl":{"start":{"line":6,"column":54},"end":{"line":6,"column":55}},"loc":{"start":{"line":6,"column":68},"end":{"line":9,"column":1}},"line":6},"1":{"name":"(anonymous_1)","decl":{"start":{"line":11,"column":23},"end":{"line":11,"column":24}},"loc":{"start":{"line":11,"column":43},"end":{"line":28,"column":1}},"line":11},"2":{"name":"(anonymous_2)","decl":{"start":{"line":19,"column":45},"end":{"line":19,"column":46}},"loc":{"start":{"line":19,"column":51},"end":{"line":27,"column":5}},"line":19},"3":{"name":"(anonymous_3)","decl":{"start":{"line":20,"column":25},"end":{"line":20,"column":26}},"loc":{"start":{"line":20,"column":34},"end":{"line":26,"column":9}},"line":20},"4":{"name":"(anonymous_4)","decl":{"start":{"line":30,"column":23},"end":{"line":30,"column":24}},"loc":{"start":{"line":30,"column":43},"end":{"line":34,"column":1}},"line":30},"5":{"name":"(anonymous_5)","decl":{"start":{"line":36,"column":20},"end":{"line":36,"column":21}},"loc":{"start":{"line":36,"column":40},"end":{"line":47,"column":1}},"line":36}},"branchMap":{"0":{"loc":{"start":{"line":15,"column":4},"end":{"line":18,"column":5}},"type":"if","locations":[{"start":{"line":15,"column":4},"end":{"line":18,"column":5}},{"start":{"line":15,"column":4},"end":{"line":18,"column":5}}],"line":15},"1":{"loc":{"start":{"line":21,"column":12},"end":{"line":25,"column":13}},"type":"if","locations":[{"start":{"line":21,"column":12},"end":{"line":25,"column":13}},{"start":{"line":21,"column":12},"end":{"line":25,"column":13}}],"line":21},"2":{"loc":{"start":{"line":38,"column":4},"end":{"line":41,"column":5}},"type":"if","locations":[{"start":{"line":38,"column":4},"end":{"line":41,"column":5}},{"start":{"line":38,"column":4},"end":{"line":41,"column":5}}],"line":38}},"s":{"0":1,"1":1,"2":1,"3":1,"4":1,"5":0,"6":1,"7":0,"8":0,"9":0,"10":0,"11":0,"12":0,"13":0,"14":0,"15":0,"16":1,"17":0,"18":0,"19":1,"20":0,"21":0,"22":0,"23":0,"24":1},"f":{"0":0,"1":0,"2":0,"3":0,"4":0,"5":0},"b":{"0":[0,0],"1":[0,0],"2":[0,0]},"_coverageSchema":"332fd63041d2c1bcb487cc26dd0d5f7d97098a6c","hash":"f9c2ab186d568d56418869522c349396232517fd"}
}
