TN:
SF:C:\Users\Marcus\Desktop\cantina-app\src\client\app.jsx
FN:13,(anonymous_2)
FN:27,(anonymous_3)
FN:56,(anonymous_4)
FN:21,(anonymous_5)
FN:61,(anonymous_6)
FN:72,(anonymous_7)
FN:80,(anonymous_8)
FN:87,(anonymous_9)
FN:90,(anonymous_10)
FN:92,(anonymous_11)
FN:94,(anonymous_12)
FN:95,(anonymous_13)
FNF:12
FNH:0
FNDA:0,(anonymous_2)
FNDA:0,(anonymous_3)
FNDA:0,(anonymous_4)
FNDA:0,(anonymous_5)
FNDA:0,(anonymous_6)
FNDA:0,(anonymous_7)
FNDA:0,(anonymous_8)
FNDA:0,(anonymous_9)
FNDA:0,(anonymous_10)
FNDA:0,(anonymous_11)
FNDA:0,(anonymous_12)
FNDA:0,(anonymous_13)
DA:1,0
DA:2,0
DA:3,0
DA:4,0
DA:5,0
DA:6,0
DA:7,0
DA:8,0
DA:9,0
DA:10,0
DA:13,0
DA:14,0
DA:16,0
DA:22,0
DA:29,0
DA:33,0
DA:34,0
DA:38,0
DA:39,0
DA:42,0
DA:44,0
DA:45,0
DA:48,0
DA:51,0
DA:52,0
DA:57,0
DA:62,0
DA:74,0
DA:75,0
DA:80,0
DA:87,0
DA:90,0
DA:92,0
DA:94,0
DA:95,0
DA:104,0
LF:36
LH:0
BRDA:42,0,0,0
BRDA:42,0,1,0
BRDA:48,1,0,0
BRDA:48,1,1,0
BRDA:74,2,0,0
BRDA:74,2,1,0
BRF:6
BRH:0
end_of_record
TN:
SF:C:\Users\Marcus\Desktop\cantina-app\src\client\components\private-route.jsx
FN:4,(anonymous_0)
FN:6,(anonymous_1)
FN:7,(anonymous_2)
FNF:3
FNH:3
FNDA:5,(anonymous_0)
FNDA:3,(anonymous_1)
FNDA:3,(anonymous_2)
DA:4,5
DA:6,1
DA:7,3
DA:8,3
LF:4
LH:4
BRDA:4,0,0,5
BRDA:4,0,1,5
BRDA:8,1,0,1
BRDA:8,1,1,2
BRDA:13,2,0,1
BRDA:13,2,1,1
BRF:6
BRH:6
end_of_record
TN:
SF:C:\Users\Marcus\Desktop\cantina-app\src\client\views\add-menu-item.jsx
FN:5,(anonymous_0)
FN:16,(anonymous_1)
FN:22,(anonymous_2)
FN:28,(anonymous_3)
FN:34,(anonymous_4)
FN:40,(anonymous_5)
FN:44,(anonymous_6)
FN:76,(anonymous_7)
FN:84,(anonymous_8)
FN:92,(anonymous_9)
FN:101,(anonymous_10)
FN:110,(anonymous_11)
FN:114,(anonymous_12)
FNF:13
FNH:13
FNDA:1,(anonymous_0)
FNDA:1,(anonymous_1)
FNDA:1,(anonymous_2)
FNDA:1,(anonymous_3)
FNDA:1,(anonymous_4)
FNDA:2,(anonymous_5)
FNDA:1,(anonymous_6)
FNDA:5,(anonymous_7)
FNDA:1,(anonymous_8)
FNDA:1,(anonymous_9)
FNDA:1,(anonymous_10)
FNDA:1,(anonymous_11)
FNDA:1,(anonymous_12)
DA:6,1
DA:8,1
DA:17,1
DA:23,1
DA:29,1
DA:35,1
DA:41,2
DA:45,1
DA:46,1
DA:48,1
DA:49,0
DA:50,0
DA:53,1
DA:54,1
DA:57,1
DA:58,1
DA:66,0
DA:67,0
DA:70,1
DA:71,1
DA:72,1
DA:77,5
DA:84,1
DA:92,1
DA:101,1
DA:110,1
DA:114,1
LF:27
LH:23
BRDA:48,0,0,0
BRDA:48,0,1,1
BRDA:48,1,0,1
BRDA:48,1,1,1
BRDA:48,1,2,1
BRDA:48,1,3,1
BRDA:70,2,0,1
BRDA:70,2,1,0
BRF:8
BRH:6
end_of_record
TN:
SF:C:\Users\Marcus\Desktop\cantina-app\src\client\views\chat.jsx
FN:6,(anonymous_0)
FN:16,(anonymous_1)
FN:20,(anonymous_2)
FN:26,(anonymous_3)
FN:37,(anonymous_4)
FN:49,(anonymous_5)
FN:55,(anonymous_6)
FN:61,(anonymous_7)
FN:67,(anonymous_8)
FN:91,(anonymous_9)
FN:94,(anonymous_10)
FNF:11
FNH:11
FNDA:1,(anonymous_0)
FNDA:1,(anonymous_1)
FNDA:6,(anonymous_2)
FNDA:4,(anonymous_3)
FNDA:1,(anonymous_4)
FNDA:1,(anonymous_5)
FNDA:1,(anonymous_6)
FNDA:8,(anonymous_7)
FNDA:3,(anonymous_8)
FNDA:1,(anonymous_9)
FNDA:1,(anonymous_10)
DA:7,1
DA:9,1
DA:19,1
DA:20,1
DA:21,6
DA:23,6
DA:25,4
DA:27,4
DA:28,1
DA:30,3
DA:39,1
DA:40,1
DA:42,1
DA:44,1
DA:50,1
DA:56,1
DA:63,8
DA:65,8
DA:66,4
DA:68,3
DA:73,8
DA:91,1
DA:94,1
LF:23
LH:23
BRDA:23,0,0,2
BRDA:23,0,1,4
BRDA:27,1,0,1
BRDA:27,1,1,3
BRDA:65,2,0,4
BRDA:65,2,1,4
BRF:6
BRH:6
end_of_record
TN:
SF:C:\Users\Marcus\Desktop\cantina-app\src\client\views\edit-menu-item.jsx
FN:4,(anonymous_0)
FN:16,(anonymous_1)
FN:20,(anonymous_2)
FN:26,(anonymous_3)
FN:32,(anonymous_4)
FN:38,(anonymous_5)
FN:44,(anonymous_6)
FN:48,(anonymous_7)
FN:73,(anonymous_8)
FN:108,(anonymous_9)
FN:130,(anonymous_10)
FN:138,(anonymous_11)
FN:147,(anonymous_12)
FN:157,(anonymous_13)
FN:162,(anonymous_14)
FNF:15
FNH:15
FNDA:1,(anonymous_0)
FNDA:1,(anonymous_1)
FNDA:1,(anonymous_2)
FNDA:1,(anonymous_3)
FNDA:1,(anonymous_4)
FNDA:1,(anonymous_5)
FNDA:2,(anonymous_6)
FNDA:1,(anonymous_7)
FNDA:1,(anonymous_8)
FNDA:6,(anonymous_9)
FNDA:1,(anonymous_10)
FNDA:1,(anonymous_11)
FNDA:1,(anonymous_12)
FNDA:1,(anonymous_13)
FNDA:1,(anonymous_14)
DA:5,1
DA:6,1
DA:17,1
DA:21,1
DA:27,1
DA:33,1
DA:39,1
DA:45,2
DA:49,1
DA:53,1
DA:54,1
DA:55,1
DA:57,0
DA:59,1
DA:60,1
DA:65,0
DA:74,1
DA:75,1
DA:76,1
DA:79,1
DA:80,0
DA:81,0
DA:84,1
DA:85,1
DA:88,1
DA:89,1
DA:97,0
DA:98,0
DA:100,1
DA:101,1
DA:102,1
DA:109,6
DA:110,0
DA:117,6
DA:118,1
DA:121,5
DA:130,1
DA:138,1
DA:147,1
DA:157,1
DA:162,1
LF:41
LH:34
BRDA:59,0,0,1
BRDA:59,0,1,0
BRDA:79,1,0,0
BRDA:79,1,1,1
BRDA:79,2,0,1
BRDA:79,2,1,1
BRDA:79,2,2,1
BRDA:79,2,3,1
BRDA:100,3,0,1
BRDA:100,3,1,0
BRDA:109,4,0,0
BRDA:109,4,1,6
BRDA:117,5,0,1
BRDA:117,5,1,5
BRF:14
BRH:10
end_of_record
TN:
SF:C:\Users\Marcus\Desktop\cantina-app\src\client\views\home.jsx
FN:5,(anonymous_0)
FN:15,(anonymous_1)
FN:20,(anonymous_2)
FN:51,(anonymous_3)
FN:73,(anonymous_4)
FN:96,(anonymous_5)
FN:112,(anonymous_6)
FN:128,(anonymous_7)
FN:144,(anonymous_8)
FN:150,(anonymous_9)
FN:158,(anonymous_10)
FN:167,(anonymous_11)
FNF:12
FNH:12
FNDA:8,(anonymous_0)
FNDA:8,(anonymous_1)
FNDA:9,(anonymous_2)
FNDA:1,(anonymous_3)
FNDA:1,(anonymous_4)
FNDA:4,(anonymous_5)
FNDA:3,(anonymous_6)
FNDA:17,(anonymous_7)
FNDA:18,(anonymous_8)
FNDA:85,(anonymous_9)
FNDA:85,(anonymous_10)
FNDA:1,(anonymous_11)
DA:6,8
DA:8,8
DA:16,8
DA:22,9
DA:27,9
DA:28,9
DA:29,8
DA:31,1
DA:35,1
DA:38,8
DA:39,7
DA:44,1
DA:52,1
DA:56,1
DA:57,1
DA:59,0
DA:60,0
DA:63,1
DA:64,0
DA:65,0
DA:68,1
DA:70,1
DA:74,1
DA:78,1
DA:79,1
DA:81,0
DA:84,0
DA:87,1
DA:88,0
DA:89,0
DA:92,1
DA:93,1
DA:97,4
DA:113,3
DA:131,17
DA:132,17
DA:133,2
DA:134,15
DA:135,8
DA:144,7
DA:145,18
DA:151,85
DA:159,85
DA:167,1
DA:179,7
DA:180,3
DA:182,4
DA:185,17
LF:48
LH:40
BRDA:38,0,0,7
BRDA:38,0,1,1
BRDA:63,1,0,0
BRDA:63,1,1,1
BRDA:87,2,0,0
BRDA:87,2,1,1
BRDA:132,3,0,2
BRDA:132,3,1,15
BRDA:134,4,0,8
BRDA:134,4,1,7
BRDA:134,5,0,15
BRDA:134,5,1,7
BRDA:165,6,0,11
BRDA:165,6,1,7
BRDA:179,7,0,3
BRDA:179,7,1,4
BRF:16
BRH:14
end_of_record
TN:
SF:C:\Users\Marcus\Desktop\cantina-app\src\client\views\login.jsx
FN:5,(anonymous_0)
FN:14,(anonymous_1)
FN:25,(anonymous_2)
FN:34,(anonymous_3)
FN:43,(anonymous_4)
FN:49,(anonymous_5)
FN:55,(anonymous_6)
FNF:7
FNH:7
FNDA:2,(anonymous_0)
FNDA:8,(anonymous_1)
FNDA:2,(anonymous_2)
FNDA:2,(anonymous_3)
FNDA:2,(anonymous_4)
FNDA:2,(anonymous_5)
FNDA:2,(anonymous_6)
DA:6,2
DA:7,2
DA:15,8
DA:25,2
DA:34,2
DA:44,2
DA:50,2
DA:56,2
DA:58,2
DA:60,2
DA:64,2
DA:65,2
DA:73,0
DA:74,0
DA:78,2
DA:79,1
DA:80,1
DA:83,1
DA:84,0
DA:85,0
DA:88,1
DA:90,1
DA:91,1
DA:92,1
DA:93,0
DA:95,1
LF:26
LH:21
BRDA:78,0,0,1
BRDA:78,0,1,1
BRDA:83,1,0,0
BRDA:83,1,1,1
BRDA:90,2,0,1
BRDA:90,2,1,0
BRDA:92,3,0,0
BRDA:92,3,1,1
BRDA:92,4,0,1
BRDA:92,4,1,0
BRDA:92,4,2,0
BRF:11
BRH:6
end_of_record
TN:
SF:C:\Users\Marcus\Desktop\cantina-app\src\client\views\signup.jsx
FN:6,(anonymous_0)
FN:15,(anonymous_1)
FN:26,(anonymous_2)
FN:35,(anonymous_3)
FN:43,(anonymous_4)
FN:49,(anonymous_5)
FN:55,(anonymous_6)
FNF:7
FNH:7
FNDA:2,(anonymous_0)
FNDA:8,(anonymous_1)
FNDA:2,(anonymous_2)
FNDA:2,(anonymous_3)
FNDA:2,(anonymous_4)
FNDA:2,(anonymous_5)
FNDA:2,(anonymous_6)
DA:7,2
DA:8,2
DA:16,8
DA:26,2
DA:35,2
DA:44,2
DA:50,2
DA:56,2
DA:58,2
DA:60,2
DA:64,2
DA:65,2
DA:73,0
DA:75,2
DA:76,2
DA:77,1
DA:78,1
DA:80,1
DA:82,1
DA:83,0
DA:84,0
DA:87,1
DA:88,1
DA:89,1
DA:90,1
LF:25
LH:22
BRDA:76,0,0,1
BRDA:76,0,1,1
BRDA:82,1,0,0
BRDA:82,1,1,1
BRDA:88,2,0,1
BRDA:88,2,1,0
BRF:6
BRH:4
end_of_record
TN:
SF:C:\Users\Marcus\Desktop\cantina-app\src\server\app.js
FN:30,(anonymous_0)
FN:43,(anonymous_1)
FN:47,(anonymous_2)
FN:67,(anonymous_3)
FN:70,(anonymous_4)
FN:77,(anonymous_5)
FN:84,(anonymous_6)
FN:91,(anonymous_7)
FN:93,(anonymous_8)
FN:102,(anonymous_9)
FN:106,(anonymous_10)
FN:117,(anonymous_11)
FN:127,(anonymous_12)
FN:137,(anonymous_13)
FN:154,(anonymous_14)
FNF:15
FNH:14
FNDA:13,(anonymous_0)
FNDA:10,(anonymous_1)
FNDA:4,(anonymous_2)
FNDA:3,(anonymous_3)
FNDA:4,(anonymous_4)
FNDA:1,(anonymous_5)
FNDA:1,(anonymous_6)
FNDA:1,(anonymous_7)
FNDA:1,(anonymous_8)
FNDA:11,(anonymous_9)
FNDA:6,(anonymous_10)
FNDA:4,(anonymous_11)
FNDA:3,(anonymous_12)
FNDA:2,(anonymous_13)
FNDA:0,(anonymous_14)
DA:1,9
DA:2,9
DA:3,9
DA:4,9
DA:5,9
DA:6,9
DA:7,9
DA:8,9
DA:9,9
DA:10,9
DA:11,9
DA:12,9
DA:15,9
DA:17,9
DA:23,9
DA:25,9
DA:32,13
DA:34,13
DA:35,3
DA:38,10
DA:39,10
DA:43,9
DA:44,10
DA:47,9
DA:49,4
DA:51,4
DA:52,4
DA:54,0
DA:58,9
DA:59,9
DA:60,9
DA:63,9
DA:64,9
DA:65,9
DA:67,9
DA:68,3
DA:69,3
DA:70,3
DA:71,4
DA:72,4
DA:75,3
DA:77,3
DA:78,1
DA:79,1
DA:80,1
DA:82,1
DA:84,1
DA:85,1
DA:86,1
DA:91,3
DA:92,1
DA:93,1
DA:94,1
DA:95,1
DA:102,9
DA:103,11
DA:106,9
DA:107,6
DA:109,6
DA:110,1
DA:111,1
DA:113,5
DA:117,9
DA:118,4
DA:119,4
DA:120,4
DA:122,0
DA:124,4
DA:127,9
DA:128,3
DA:130,3
DA:132,3
DA:133,3
DA:134,3
DA:137,9
DA:138,2
DA:139,0
DA:140,0
DA:141,0
DA:144,2
DA:146,2
DA:147,2
DA:149,0
DA:151,2
DA:154,9
DA:155,0
DA:160,9
LF:87
LH:80
BRDA:34,0,0,3
BRDA:34,0,1,10
BRDA:51,1,0,4
BRDA:51,1,1,0
BRDA:71,2,0,4
BRDA:71,2,1,0
BRDA:85,3,0,1
BRDA:85,3,1,0
BRDA:94,4,0,1
BRDA:94,4,1,0
BRDA:109,5,0,1
BRDA:109,5,1,5
BRDA:109,6,0,6
BRDA:109,6,1,6
BRDA:119,7,0,4
BRDA:119,7,1,0
BRDA:138,8,0,0
BRDA:138,8,1,2
BRDA:146,9,0,2
BRDA:146,9,1,0
BRF:20
BRH:13
end_of_record
TN:
SF:C:\Users\Marcus\Desktop\cantina-app\src\server\server.js
FN:5,(anonymous_0)
FNF:1
FNH:0
FNDA:0,(anonymous_0)
DA:1,0
DA:3,0
DA:5,0
DA:6,0
LF:4
LH:0
BRDA:3,0,0,0
BRDA:3,0,1,0
BRF:2
BRH:0
end_of_record
TN:
SF:C:\Users\Marcus\Desktop\cantina-app\src\server\db\cafeteria-menu.js
FN:53,getMenu
FN:57,getOneMenuItem
FN:60,(anonymous_2)
FN:66,addMenuItem
FN:79,deleteMenuItem
FN:83,(anonymous_5)
FN:95,updateMenuItem
FNF:7
FNH:7
FNDA:12,getMenu
FNDA:6,getOneMenuItem
FNDA:16,(anonymous_2)
FNDA:3,addMenuItem
FNDA:4,deleteMenuItem
FNDA:9,(anonymous_5)
FNDA:2,updateMenuItem
DA:3,9
DA:54,12
DA:59,6
DA:60,6
DA:61,16
DA:63,6
DA:67,3
DA:75,3
DA:76,3
DA:80,4
DA:81,4
DA:83,4
DA:84,9
DA:85,6
DA:86,6
DA:87,6
DA:91,4
DA:92,4
DA:98,2
DA:106,2
DA:110,9
LF:21
LH:21
BRDA:61,0,0,5
BRDA:61,0,1,11
BRDA:84,1,0,6
BRDA:84,1,1,3
BRF:4
BRH:4
end_of_record
TN:
SF:C:\Users\Marcus\Desktop\cantina-app\src\server\db\users.js
FN:3,getUser
FN:7,verifyUser
FN:13,createUser
FN:27,resetAllUsers
FNF:4
FNH:4
FNDA:40,getUser
FNDA:13,verifyUser
FNDA:11,createUser
FNDA:7,resetAllUsers
DA:1,9
DA:4,40
DA:8,13
DA:10,13
DA:14,11
DA:15,3
DA:18,8
DA:23,8
DA:24,8
DA:28,7
DA:31,9
LF:11
LH:11
BRDA:10,0,0,2
BRDA:10,0,1,11
BRDA:14,1,0,3
BRDA:14,1,1,8
BRF:4
BRH:4
end_of_record
TN:
SF:C:\Users\Marcus\Desktop\cantina-app\src\server\routes\auth-api.js
FN:6,(anonymous_0)
FN:11,(anonymous_1)
FN:19,(anonymous_2)
FN:20,(anonymous_3)
FN:26,(anonymous_4)
FN:32,(anonymous_5)
FNF:6
FNH:6
FNDA:3,(anonymous_0)
FNDA:9,(anonymous_1)
FNDA:7,(anonymous_2)
FNDA:7,(anonymous_3)
FNDA:2,(anonymous_4)
FNDA:6,(anonymous_5)
DA:1,9
DA:2,9
DA:3,9
DA:4,9
DA:6,9
DA:8,3
DA:11,9
DA:13,9
DA:15,9
DA:16,2
DA:17,2
DA:19,7
DA:20,7
DA:21,7
DA:26,9
DA:28,2
DA:29,2
DA:32,9
DA:34,6
DA:35,3
DA:36,3
DA:39,3
DA:46,9
LF:23
LH:23
BRDA:15,0,0,2
BRDA:15,0,1,7
BRDA:21,1,0,0
BRDA:21,1,1,7
BRDA:34,2,0,3
BRDA:34,2,1,3
BRF:6
BRH:5
end_of_record
