TN:
SF:C:\Users\Marcus\Desktop\cantina-app\src\client\app.jsx
FN:13,(anonymous_2)
FN:27,(anonymous_3)
FN:56,(anonymous_4)
FN:21,(anonymous_5)
FN:61,(anonymous_6)
FN:72,(anonymous_7)
FN:80,(anonymous_8)
FN:87,(anonymous_9)
FN:90,(anonymous_10)
FN:92,(anonymous_11)
FNF:10
FNH:0
FNDA:0,(anonymous_2)
FNDA:0,(anonymous_3)
FNDA:0,(anonymous_4)
FNDA:0,(anonymous_5)
FNDA:0,(anonymous_6)
FNDA:0,(anonymous_7)
FNDA:0,(anonymous_8)
FNDA:0,(anonymous_9)
FNDA:0,(anonymous_10)
FNDA:0,(anonymous_11)
DA:1,0
DA:2,0
DA:3,0
DA:4,0
DA:5,0
DA:6,0
DA:7,0
DA:8,0
DA:9,0
DA:13,0
DA:14,0
DA:16,0
DA:22,0
DA:29,0
DA:33,0
DA:34,0
DA:38,0
DA:39,0
DA:42,0
DA:44,0
DA:45,0
DA:48,0
DA:51,0
DA:52,0
DA:57,0
DA:62,0
DA:74,0
DA:75,0
DA:80,0
DA:87,0
DA:90,0
DA:92,0
DA:104,0
LF:33
LH:0
BRDA:42,0,0,0
BRDA:42,0,1,0
BRDA:48,1,0,0
BRDA:48,1,1,0
BRDA:74,2,0,0
BRDA:74,2,1,0
BRF:6
BRH:0
end_of_record
TN:
SF:C:\Users\Marcus\Desktop\cantina-app\src\client\views\add-menu-item.jsx
FN:4,(anonymous_1)
FN:43,(anonymous_2)
FN:15,(anonymous_3)
FN:21,(anonymous_4)
FN:27,(anonymous_5)
FN:33,(anonymous_6)
FN:39,(anonymous_7)
FN:75,(anonymous_8)
FN:82,(anonymous_9)
FN:88,(anonymous_10)
FN:96,(anonymous_11)
FN:100,(anonymous_12)
FN:102,(anonymous_13)
FNF:13
FNH:0
FNDA:0,(anonymous_1)
FNDA:0,(anonymous_2)
FNDA:0,(anonymous_3)
FNDA:0,(anonymous_4)
FNDA:0,(anonymous_5)
FNDA:0,(anonymous_6)
FNDA:0,(anonymous_7)
FNDA:0,(anonymous_8)
FNDA:0,(anonymous_9)
FNDA:0,(anonymous_10)
FNDA:0,(anonymous_11)
FNDA:0,(anonymous_12)
FNDA:0,(anonymous_13)
DA:1,0
DA:4,0
DA:5,0
DA:7,0
DA:16,0
DA:22,0
DA:28,0
DA:34,0
DA:40,0
DA:44,0
DA:45,0
DA:47,0
DA:48,0
DA:49,0
DA:52,0
DA:53,0
DA:56,0
DA:57,0
DA:65,0
DA:66,0
DA:69,0
DA:70,0
DA:71,0
DA:76,0
DA:82,0
DA:88,0
DA:96,0
DA:100,0
DA:102,0
LF:29
LH:0
BRDA:47,0,0,0
BRDA:47,0,1,0
BRDA:47,1,0,0
BRDA:47,1,1,0
BRDA:47,1,2,0
BRDA:47,1,3,0
BRDA:69,2,0,0
BRDA:69,2,1,0
BRF:8
BRH:0
end_of_record
TN:
SF:C:\Users\Marcus\Desktop\cantina-app\src\client\views\chat.jsx
FN:6,(anonymous_1)
FN:38,(anonymous_2)
FN:50,(anonymous_3)
FN:16,(anonymous_4)
FN:21,(anonymous_5)
FN:27,(anonymous_6)
FN:56,(anonymous_7)
FN:62,(anonymous_8)
FN:68,(anonymous_9)
FN:90,(anonymous_10)
FN:91,(anonymous_11)
FNF:11
FNH:0
FNDA:0,(anonymous_1)
FNDA:0,(anonymous_2)
FNDA:0,(anonymous_3)
FNDA:0,(anonymous_4)
FNDA:0,(anonymous_5)
FNDA:0,(anonymous_6)
FNDA:0,(anonymous_7)
FNDA:0,(anonymous_8)
FNDA:0,(anonymous_9)
FNDA:0,(anonymous_10)
FNDA:0,(anonymous_11)
DA:1,0
DA:2,0
DA:6,0
DA:7,0
DA:9,0
DA:19,0
DA:21,0
DA:22,0
DA:24,0
DA:26,0
DA:28,0
DA:29,0
DA:31,0
DA:40,0
DA:41,0
DA:43,0
DA:45,0
DA:51,0
DA:57,0
DA:64,0
DA:66,0
DA:67,0
DA:69,0
DA:74,0
DA:90,0
DA:91,0
LF:26
LH:0
BRDA:24,0,0,0
BRDA:24,0,1,0
BRDA:28,1,0,0
BRDA:28,1,1,0
BRDA:66,2,0,0
BRDA:66,2,1,0
BRF:6
BRH:0
end_of_record
TN:
SF:C:\Users\Marcus\Desktop\cantina-app\src\client\views\edit-menu-item.jsx
FN:4,(anonymous_1)
FN:17,(anonymous_2)
FN:49,(anonymous_3)
FN:74,(anonymous_4)
FN:21,(anonymous_5)
FN:27,(anonymous_6)
FN:33,(anonymous_7)
FN:39,(anonymous_8)
FN:45,(anonymous_9)
FN:108,(anonymous_10)
FN:124,(anonymous_11)
FN:131,(anonymous_12)
FN:139,(anonymous_13)
FN:148,(anonymous_14)
FN:151,(anonymous_15)
FNF:15
FNH:0
FNDA:0,(anonymous_1)
FNDA:0,(anonymous_2)
FNDA:0,(anonymous_3)
FNDA:0,(anonymous_4)
FNDA:0,(anonymous_5)
FNDA:0,(anonymous_6)
FNDA:0,(anonymous_7)
FNDA:0,(anonymous_8)
FNDA:0,(anonymous_9)
FNDA:0,(anonymous_10)
FNDA:0,(anonymous_11)
FNDA:0,(anonymous_12)
FNDA:0,(anonymous_13)
FNDA:0,(anonymous_14)
FNDA:0,(anonymous_15)
DA:1,0
DA:4,0
DA:5,0
DA:7,0
DA:18,0
DA:22,0
DA:28,0
DA:34,0
DA:40,0
DA:46,0
DA:50,0
DA:54,0
DA:55,0
DA:56,0
DA:58,0
DA:60,0
DA:61,0
DA:66,0
DA:75,0
DA:76,0
DA:77,0
DA:79,0
DA:80,0
DA:81,0
DA:84,0
DA:85,0
DA:88,0
DA:89,0
DA:97,0
DA:98,0
DA:100,0
DA:101,0
DA:102,0
DA:109,0
DA:110,0
DA:117,0
DA:118,0
DA:121,0
DA:124,0
DA:131,0
DA:139,0
DA:148,0
DA:151,0
LF:43
LH:0
BRDA:60,0,0,0
BRDA:60,0,1,0
BRDA:79,1,0,0
BRDA:79,1,1,0
BRDA:79,2,0,0
BRDA:79,2,1,0
BRDA:79,2,2,0
BRDA:79,2,3,0
BRDA:100,3,0,0
BRDA:100,3,1,0
BRDA:109,4,0,0
BRDA:109,4,1,0
BRDA:117,5,0,0
BRDA:117,5,1,0
BRF:14
BRH:0
end_of_record
TN:
SF:C:\Users\Marcus\Desktop\cantina-app\src\client\views\home.jsx
FN:5,(anonymous_0)
FN:14,(anonymous_1)
FN:19,(anonymous_2)
FN:50,(anonymous_3)
FN:73,(anonymous_4)
FN:94,(anonymous_5)
FN:109,(anonymous_6)
FN:125,(anonymous_7)
FN:141,(anonymous_8)
FN:147,(anonymous_9)
FN:155,(anonymous_10)
FN:164,(anonymous_11)
FNF:12
FNH:8
FNDA:5,(anonymous_0)
FNDA:5,(anonymous_1)
FNDA:5,(anonymous_2)
FNDA:0,(anonymous_3)
FNDA:0,(anonymous_4)
FNDA:0,(anonymous_5)
FNDA:1,(anonymous_6)
FNDA:9,(anonymous_7)
FNDA:1,(anonymous_8)
FNDA:1,(anonymous_9)
FNDA:1,(anonymous_10)
FNDA:0,(anonymous_11)
DA:6,5
DA:8,5
DA:15,5
DA:21,5
DA:26,5
DA:27,5
DA:28,3
DA:30,1
DA:34,1
DA:37,3
DA:38,1
DA:43,2
DA:51,0
DA:52,0
DA:56,0
DA:57,0
DA:59,0
DA:60,0
DA:63,0
DA:64,0
DA:65,0
DA:68,0
DA:70,0
DA:74,0
DA:78,0
DA:79,0
DA:81,0
DA:82,0
DA:85,0
DA:86,0
DA:87,0
DA:90,0
DA:91,0
DA:95,0
DA:110,1
DA:128,9
DA:129,9
DA:130,3
DA:131,6
DA:132,5
DA:141,1
DA:142,1
DA:148,1
DA:156,1
DA:164,0
DA:176,1
DA:177,1
DA:179,0
DA:182,9
LF:49
LH:25
BRDA:37,0,0,1
BRDA:37,0,1,2
BRDA:63,1,0,0
BRDA:63,1,1,0
BRDA:85,2,0,0
BRDA:85,2,1,0
BRDA:129,3,0,3
BRDA:129,3,1,6
BRDA:131,4,0,5
BRDA:131,4,1,1
BRDA:131,5,0,6
BRDA:131,5,1,1
BRDA:162,6,0,0
BRDA:162,6,1,1
BRDA:176,7,0,1
BRDA:176,7,1,0
BRF:16
BRH:10
end_of_record
TN:
SF:C:\Users\Marcus\Desktop\cantina-app\src\client\views\login.jsx
FN:5,(anonymous_1)
FN:53,(anonymous_2)
FN:14,(anonymous_3)
FN:24,(anonymous_4)
FN:32,(anonymous_5)
FN:41,(anonymous_6)
FN:47,(anonymous_7)
FNF:7
FNH:0
FNDA:0,(anonymous_1)
FNDA:0,(anonymous_2)
FNDA:0,(anonymous_3)
FNDA:0,(anonymous_4)
FNDA:0,(anonymous_5)
FNDA:0,(anonymous_6)
FNDA:0,(anonymous_7)
DA:1,0
DA:2,0
DA:5,0
DA:6,0
DA:7,0
DA:15,0
DA:24,0
DA:32,0
DA:42,0
DA:48,0
DA:54,0
DA:56,0
DA:58,0
DA:62,0
DA:63,0
DA:71,0
DA:72,0
DA:76,0
DA:77,0
DA:78,0
DA:81,0
DA:82,0
DA:83,0
DA:86,0
DA:88,0
DA:89,0
DA:90,0
LF:27
LH:0
BRDA:76,0,0,0
BRDA:76,0,1,0
BRDA:81,1,0,0
BRDA:81,1,1,0
BRDA:88,2,0,0
BRDA:88,2,1,0
BRF:6
BRH:0
end_of_record
TN:
SF:C:\Users\Marcus\Desktop\cantina-app\src\client\views\signup.jsx
FN:6,(anonymous_1)
FN:51,(anonymous_2)
FN:15,(anonymous_3)
FN:24,(anonymous_4)
FN:31,(anonymous_5)
FN:39,(anonymous_6)
FN:45,(anonymous_7)
FNF:7
FNH:0
FNDA:0,(anonymous_1)
FNDA:0,(anonymous_2)
FNDA:0,(anonymous_3)
FNDA:0,(anonymous_4)
FNDA:0,(anonymous_5)
FNDA:0,(anonymous_6)
FNDA:0,(anonymous_7)
DA:1,0
DA:2,0
DA:6,0
DA:7,0
DA:8,0
DA:16,0
DA:24,0
DA:31,0
DA:40,0
DA:46,0
DA:52,0
DA:54,0
DA:56,0
DA:60,0
DA:61,0
DA:69,0
DA:72,0
DA:73,0
DA:76,0
DA:77,0
DA:80,0
DA:81,0
DA:82,0
DA:83,0
LF:24
LH:0
BRDA:72,0,0,0
BRDA:72,0,1,0
BRDA:76,1,0,0
BRDA:76,1,1,0
BRDA:81,2,0,0
BRDA:81,2,1,0
BRF:6
BRH:0
end_of_record
TN:
SF:C:\Users\Marcus\Desktop\cantina-app\src\server\app.js
FN:30,(anonymous_0)
FN:43,(anonymous_1)
FN:47,(anonymous_2)
FN:67,(anonymous_3)
FN:70,(anonymous_4)
FN:77,(anonymous_5)
FN:84,(anonymous_6)
FN:91,(anonymous_7)
FN:93,(anonymous_8)
FN:102,(anonymous_9)
FN:106,(anonymous_10)
FN:117,(anonymous_11)
FN:127,(anonymous_12)
FN:137,(anonymous_13)
FN:154,(anonymous_14)
FNF:15
FNH:12
FNDA:10,(anonymous_0)
FNDA:8,(anonymous_1)
FNDA:4,(anonymous_2)
FNDA:2,(anonymous_3)
FNDA:3,(anonymous_4)
FNDA:0,(anonymous_5)
FNDA:0,(anonymous_6)
FNDA:1,(anonymous_7)
FNDA:1,(anonymous_8)
FNDA:5,(anonymous_9)
FNDA:5,(anonymous_10)
FNDA:3,(anonymous_11)
FNDA:2,(anonymous_12)
FNDA:1,(anonymous_13)
FNDA:0,(anonymous_14)
DA:1,3
DA:2,3
DA:3,3
DA:4,3
DA:5,3
DA:6,3
DA:7,3
DA:8,3
DA:9,3
DA:10,3
DA:11,3
DA:12,3
DA:15,3
DA:17,3
DA:23,3
DA:25,3
DA:32,10
DA:34,10
DA:35,2
DA:38,8
DA:39,8
DA:43,3
DA:44,8
DA:47,3
DA:49,4
DA:51,4
DA:52,4
DA:54,0
DA:58,3
DA:59,3
DA:60,3
DA:63,3
DA:64,3
DA:65,3
DA:67,3
DA:68,2
DA:69,2
DA:70,2
DA:71,3
DA:72,3
DA:75,2
DA:77,2
DA:78,0
DA:79,0
DA:80,0
DA:82,0
DA:84,0
DA:85,0
DA:86,0
DA:91,2
DA:92,1
DA:93,1
DA:94,1
DA:95,1
DA:102,3
DA:103,5
DA:106,3
DA:107,5
DA:109,5
DA:110,1
DA:111,1
DA:113,4
DA:117,3
DA:118,3
DA:119,3
DA:120,3
DA:122,0
DA:124,3
DA:127,3
DA:128,2
DA:130,2
DA:132,2
DA:133,2
DA:134,2
DA:137,3
DA:138,1
DA:139,0
DA:140,0
DA:141,0
DA:144,1
DA:146,1
DA:147,1
DA:149,0
DA:151,1
DA:154,3
DA:155,0
DA:160,3
LF:87
LH:73
BRDA:34,0,0,2
BRDA:34,0,1,8
BRDA:51,1,0,4
BRDA:51,1,1,0
BRDA:71,2,0,3
BRDA:71,2,1,0
BRDA:85,3,0,0
BRDA:85,3,1,0
BRDA:94,4,0,1
BRDA:94,4,1,0
BRDA:109,5,0,1
BRDA:109,5,1,4
BRDA:109,6,0,5
BRDA:109,6,1,5
BRDA:119,7,0,3
BRDA:119,7,1,0
BRDA:138,8,0,0
BRDA:138,8,1,1
BRDA:146,9,0,1
BRDA:146,9,1,0
BRF:20
BRH:12
end_of_record
TN:
SF:C:\Users\Marcus\Desktop\cantina-app\src\server\server.js
FN:5,(anonymous_0)
FNF:1
FNH:0
FNDA:0,(anonymous_0)
DA:1,0
DA:3,0
DA:5,0
DA:6,0
LF:4
LH:0
BRDA:3,0,0,0
BRDA:3,0,1,0
BRF:2
BRH:0
end_of_record
TN:
SF:C:\Users\Marcus\Desktop\cantina-app\src\server\db\cafeteria-menu.js
FN:53,getMenu
FN:57,getOneMenuItem
FN:60,(anonymous_2)
FN:66,addMenuItem
FN:79,deleteMenuItem
FN:83,(anonymous_5)
FN:96,updateMenuItem
FNF:7
FNH:7
FNDA:5,getMenu
FNDA:5,getOneMenuItem
FNDA:13,(anonymous_2)
FNDA:2,addMenuItem
FNDA:3,deleteMenuItem
FNDA:6,(anonymous_5)
FNDA:1,updateMenuItem
DA:3,4
DA:54,5
DA:59,5
DA:60,5
DA:61,13
DA:63,5
DA:67,2
DA:75,2
DA:76,2
DA:80,3
DA:81,3
DA:83,3
DA:84,6
DA:85,6
DA:86,4
DA:87,4
DA:88,4
DA:92,3
DA:93,3
DA:99,1
DA:107,1
DA:111,4
LF:22
LH:22
BRDA:61,0,0,4
BRDA:61,0,1,9
BRDA:85,1,0,4
BRDA:85,1,1,2
BRF:4
BRH:4
end_of_record
TN:
SF:C:\Users\Marcus\Desktop\cantina-app\src\server\db\users.js
FN:3,getUser
FN:7,verifyUser
FN:13,createUser
FN:27,resetAllUsers
FNF:4
FNH:4
FNDA:29,getUser
FNDA:10,verifyUser
FNDA:7,createUser
FNDA:7,resetAllUsers
DA:1,3
DA:4,29
DA:8,10
DA:10,10
DA:14,7
DA:15,1
DA:18,6
DA:23,6
DA:24,6
DA:28,7
DA:31,3
LF:11
LH:11
BRDA:10,0,0,1
BRDA:10,0,1,9
BRDA:14,1,0,1
BRDA:14,1,1,6
BRF:4
BRH:4
end_of_record
TN:
SF:C:\Users\Marcus\Desktop\cantina-app\src\server\routes\auth-api.js
FN:6,(anonymous_0)
FN:11,(anonymous_1)
FN:19,(anonymous_2)
FN:20,(anonymous_3)
FN:26,(anonymous_4)
FN:32,(anonymous_5)
FNF:6
FNH:6
FNDA:2,(anonymous_0)
FNDA:7,(anonymous_1)
FNDA:6,(anonymous_2)
FNDA:6,(anonymous_3)
FNDA:1,(anonymous_4)
FNDA:6,(anonymous_5)
DA:1,3
DA:2,3
DA:3,3
DA:4,3
DA:6,3
DA:8,2
DA:11,3
DA:13,7
DA:15,7
DA:16,1
DA:17,1
DA:19,6
DA:20,6
DA:21,6
DA:26,3
DA:28,1
DA:29,1
DA:32,3
DA:34,6
DA:35,3
DA:36,3
DA:39,3
DA:46,3
LF:23
LH:23
BRDA:15,0,0,1
BRDA:15,0,1,6
BRDA:21,1,0,0
BRDA:21,1,1,6
BRDA:34,2,0,3
BRDA:34,2,1,3
BRF:6
BRH:5
end_of_record
